cellbender:remove-background: Command:
cellbender remove-background --cuda --input cellranger/ctrl-1/raw_feature_bc_matrix.h5 --output cellranger/ctrl-1/cellbender/cellbender.h5
cellbender:remove-background: CellBender 0.3.0
cellbender:remove-background: (Workflow hash c087b37667)
cellbender:remove-background: 2024-10-05 08:33:02
cellbender:remove-background: Running remove-background
cellbender:remove-background: Loading data from cellranger/ctrl-1/raw_feature_bc_matrix.h5
cellbender:remove-background: CellRanger v3 format
cellbender:remove-background: Features in dataset: 33696 Gene Expression
cellbender:remove-background: Trimming features for inference.
cellbender:remove-background: 28705 features have nonzero counts.
cellbender:remove-background: Prior on counts for cells is 21419
cellbender:remove-background: Prior on counts for empty droplets is 98
cellbender:remove-background: Excluding 10926 features that are estimated to have <= 0.1 background counts in cells.
cellbender:remove-background: Including 17779 features in the analysis.
cellbender:remove-background: Trimming barcodes for inference.
cellbender:remove-background: Excluding barcodes with counts below 49
cellbender:remove-background: Using 11951 probable cell barcodes, plus an additional 32423 barcodes, and 116590 empty droplets.
cellbender:remove-background: Largest surely-empty droplet has 162 UMI counts.
cellbender:remove-background: Attempting to unpack tarball "ckpt.tar.gz" to /tmp/tmp5xbi12z_
cellbender:remove-background: Successfully unpacked tarball to /tmp/tmp5xbi12z_
/tmp/tmp5xbi12z_/f5bd519003_train.loaderstate
/tmp/tmp5xbi12z_/f5bd519003_optim.pyro
/tmp/tmp5xbi12z_/f5bd519003_args.npy
/tmp/tmp5xbi12z_/f5bd519003_random.cuda
/tmp/tmp5xbi12z_/f5bd519003_test.loaderstate
/tmp/tmp5xbi12z_/f5bd519003_model.torch
/tmp/tmp5xbi12z_/f5bd519003_params.pyro
/tmp/tmp5xbi12z_/f5bd519003_optim.torch
/tmp/tmp5xbi12z_/posterior.h5
/tmp/tmp5xbi12z_/f5bd519003_random.pyro
cellbender:remove-background: Workflow hash does not match that of checkpoint.
cellbender:remove-background: No checkpoint loaded.
cellbender:remove-background: Running inference...
cellbender:remove-background: [epoch 001]  average training loss: 14826.4485
cellbender:remove-background: [epoch 002]  average training loss: 8771.5308  (12.1 seconds per epoch)
cellbender:remove-background: Will checkpoint every 35 epochs
cellbender:remove-background: [epoch 003]  average training loss: 7890.9668
cellbender:remove-background: [epoch 004]  average training loss: 7718.2383
