cellbender:remove-background: Command:
cellbender remove-background --cuda --input cellranger/cd40-1/raw_feature_bc_matrix.h5 --output cellranger/cd40-1/cellbender/cellbender.h5
cellbender:remove-background: CellBender 0.3.0
cellbender:remove-background: (Workflow hash 20e6821eb4)
cellbender:remove-background: 2024-10-04 06:56:06
cellbender:remove-background: Running remove-background
cellbender:remove-background: Loading data from cellranger/cd40-1/raw_feature_bc_matrix.h5
cellbender:remove-background: CellRanger v3 format
cellbender:remove-background: Features in dataset: 33696 Gene Expression
cellbender:remove-background: Trimming features for inference.
cellbender:remove-background: 27942 features have nonzero counts.
cellbender:remove-background: Prior on counts for cells is 14423
cellbender:remove-background: Prior on counts for empty droplets is 1790
cellbender:remove-background: Excluding 4840 features that are estimated to have <= 0.1 background counts in cells.
cellbender:remove-background: Including 23102 features in the analysis.
cellbender:remove-background: Trimming barcodes for inference.
cellbender:remove-background: Excluding barcodes with counts below 895
cellbender:remove-background: Using 7410 probable cell barcodes, plus an additional 15917 barcodes, and 25297 empty droplets.
cellbender:remove-background: Largest surely-empty droplet has 2670 UMI counts.
cellbender:remove-background: Attempting to unpack tarball "ckpt.tar.gz" to /tmp/tmpe8d1f3qm
cellbender:remove-background: Successfully unpacked tarball to /tmp/tmpe8d1f3qm
/tmp/tmpe8d1f3qm/7ad8a0317d_optim.torch
/tmp/tmpe8d1f3qm/7ad8a0317d_train.loaderstate
/tmp/tmpe8d1f3qm/7ad8a0317d_params.pyro
/tmp/tmpe8d1f3qm/7ad8a0317d_args.npy
/tmp/tmpe8d1f3qm/7ad8a0317d_model.torch
/tmp/tmpe8d1f3qm/7ad8a0317d_random.cuda
/tmp/tmpe8d1f3qm/7ad8a0317d_random.pyro
/tmp/tmpe8d1f3qm/7ad8a0317d_test.loaderstate
/tmp/tmpe8d1f3qm/7ad8a0317d_optim.pyro
cellbender:remove-background: Workflow hash does not match that of checkpoint.
cellbender:remove-background: No checkpoint loaded.
cellbender:remove-background: Running inference...
cellbender:remove-background: [epoch 001]  average training loss: 18474.2724
cellbender:remove-background: [epoch 002]  average training loss: 14298.0798  (11.7 seconds per epoch)
cellbender:remove-background: Will checkpoint every 37 epochs
cellbender:remove-background: [epoch 003]  average training loss: 11955.4377
cellbender:remove-background: [epoch 004]  average training loss: 10528.8764
cellbender:remove-background: [epoch 005]  average training loss: 10248.4785
cellbender:remove-background: [epoch 005] average test loss: 10007.1878
cellbender:remove-background: [epoch 006]  average training loss: 10068.8124
cellbender:remove-background: [epoch 007]  average training loss: 9965.1258
cellbender:remove-background: [epoch 008]  average training loss: 9946.8667
cellbender:remove-background: [epoch 009]  average training loss: 9984.4653
cellbender:remove-background: [epoch 010]  average training loss: 9950.3917
cellbender:remove-background: [epoch 010] average test loss: 9840.6532
cellbender:remove-background: [epoch 011]  average training loss: 9941.2197
cellbender:remove-background: [epoch 012]  average training loss: 9995.8108
cellbender:remove-background: [epoch 013]  average training loss: 9939.5531
cellbender:remove-background: [epoch 014]  average training loss: 9907.5080
cellbender:remove-background: [epoch 015]  average training loss: 9930.8017
cellbender:remove-background: [epoch 015] average test loss: 9952.1524
cellbender:remove-background: [epoch 016]  average training loss: 9881.4818
cellbender:remove-background: [epoch 017]  average training loss: 9707.7824
cellbender:remove-background: [epoch 018]  average training loss: 9651.2284
cellbender:remove-background: [epoch 019]  average training loss: 9587.7770
cellbender:remove-background: [epoch 020]  average training loss: 9558.4681
cellbender:remove-background: [epoch 020] average test loss: 9567.0832
cellbender:remove-background: [epoch 021]  average training loss: 9512.7825
cellbender:remove-background: [epoch 022]  average training loss: 9491.6697
cellbender:remove-background: [epoch 023]  average training loss: 9448.4079
cellbender:remove-background: [epoch 024]  average training loss: 9416.5630
cellbender:remove-background: [epoch 025]  average training loss: 9360.2330
cellbender:remove-background: [epoch 025] average test loss: 9291.0484
cellbender:remove-background: [epoch 026]  average training loss: 9294.6792
cellbender:remove-background: [epoch 027]  average training loss: 9260.0443
cellbender:remove-background: [epoch 028]  average training loss: 9233.9450
cellbender:remove-background: [epoch 029]  average training loss: 9233.9295
cellbender:remove-background: [epoch 030]  average training loss: 9198.7350
cellbender:remove-background: [epoch 030] average test loss: 9136.4301
cellbender:remove-background: [epoch 031]  average training loss: 9197.0831
cellbender:remove-background: [epoch 032]  average training loss: 9188.5725
cellbender:remove-background: [epoch 033]  average training loss: 9163.5338
cellbender:remove-background: [epoch 034]  average training loss: 9163.1030
cellbender:remove-background: [epoch 035]  average training loss: 9138.1556
cellbender:remove-background: [epoch 035] average test loss: 9139.2024
cellbender:remove-background: [epoch 036]  average training loss: 9135.1022
cellbender:remove-background: [epoch 037]  average training loss: 9128.8316
cellbender:remove-background: Saving a checkpoint...
cellbender:remove-background: Saved checkpoint as /data/ckpt.tar.gz
cellbender:remove-background: [epoch 038]  average training loss: 9115.2667
cellbender:remove-background: [epoch 039]  average training loss: 9102.3177
cellbender:remove-background: [epoch 040]  average training loss: 9090.6501
cellbender:remove-background: [epoch 040] average test loss: 9005.4454
cellbender:remove-background: [epoch 041]  average training loss: 9071.9944
cellbender:remove-background: [epoch 042]  average training loss: 9072.5968
cellbender:remove-background: [epoch 043]  average training loss: 9069.3787
cellbender:remove-background: [epoch 044]  average training loss: 9054.6514
cellbender:remove-background: [epoch 045]  average training loss: 9051.1183
cellbender:remove-background: [epoch 045] average test loss: 8988.6205
cellbender:remove-background: [epoch 046]  average training loss: 9043.1579
cellbender:remove-background: [epoch 047]  average training loss: 9030.0733
cellbender:remove-background: [epoch 048]  average training loss: 9039.5955
cellbender:remove-background: [epoch 049]  average training loss: 9039.3178
cellbender:remove-background: [epoch 050]  average training loss: 9013.7458
cellbender:remove-background: [epoch 050] average test loss: 8968.2644
cellbender:remove-background: [epoch 051]  average training loss: 9004.9930
cellbender:remove-background: [epoch 052]  average training loss: 9000.4648
cellbender:remove-background: [epoch 053]  average training loss: 8999.3250
cellbender:remove-background: [epoch 054]  average training loss: 8990.2560
cellbender:remove-background: [epoch 055]  average training loss: 8984.6899
cellbender:remove-background: [epoch 055] average test loss: 8898.7706
cellbender:remove-background: [epoch 056]  average training loss: 8983.3955
cellbender:remove-background: [epoch 057]  average training loss: 8970.9404
cellbender:remove-background: [epoch 058]  average training loss: 8964.5119
cellbender:remove-background: [epoch 059]  average training loss: 8959.6426
cellbender:remove-background: [epoch 060]  average training loss: 8945.2077
cellbender:remove-background: [epoch 060] average test loss: 8891.4624
cellbender:remove-background: [epoch 061]  average training loss: 8951.6848
cellbender:remove-background: [epoch 062]  average training loss: 8939.5695
cellbender:remove-background: [epoch 063]  average training loss: 8938.9729
cellbender:remove-background: [epoch 064]  average training loss: 8943.0132
cellbender:remove-background: [epoch 065]  average training loss: 8933.3148
cellbender:remove-background: [epoch 065] average test loss: 8843.5374
cellbender:remove-background: [epoch 066]  average training loss: 8930.4551
cellbender:remove-background: [epoch 067]  average training loss: 8930.7814
cellbender:remove-background: [epoch 068]  average training loss: 8922.1393
cellbender:remove-background: [epoch 069]  average training loss: 8918.8813
cellbender:remove-background: [epoch 070]  average training loss: 8915.8364
cellbender:remove-background: [epoch 070] average test loss: 8803.6483
cellbender:remove-background: [epoch 071]  average training loss: 8901.2546
cellbender:remove-background: [epoch 072]  average training loss: 8905.2181
cellbender:remove-background: [epoch 073]  average training loss: 8910.3020
cellbender:remove-background: [epoch 074]  average training loss: 8907.3999
cellbender:remove-background: Saving a checkpoint...
cellbender:remove-background: Saved checkpoint as /data/ckpt.tar.gz
cellbender:remove-background: [epoch 075]  average training loss: 8906.0389
cellbender:remove-background: [epoch 075] average test loss: 8887.6630
cellbender:remove-background: [epoch 076]  average training loss: 8902.5703
cellbender:remove-background: [epoch 077]  average training loss: 8894.9210
cellbender:remove-background: [epoch 078]  average training loss: 8889.0613
cellbender:remove-background: [epoch 079]  average training loss: 8902.1340
cellbender:remove-background: [epoch 080]  average training loss: 8898.9084
cellbender:remove-background: [epoch 080] average test loss: 8797.5083
cellbender:remove-background: [epoch 081]  average training loss: 8891.0067
cellbender:remove-background: [epoch 082]  average training loss: 8884.5051
cellbender:remove-background: [epoch 083]  average training loss: 8880.0631
cellbender:remove-background: [epoch 084]  average training loss: 8883.0491
cellbender:remove-background: [epoch 085]  average training loss: 8877.4703
cellbender:remove-background: [epoch 085] average test loss: 8827.3064
cellbender:remove-background: [epoch 086]  average training loss: 8878.3293
cellbender:remove-background: [epoch 087]  average training loss: 8869.0999
cellbender:remove-background: [epoch 088]  average training loss: 8868.7412
cellbender:remove-background: [epoch 089]  average training loss: 8863.2289
cellbender:remove-background: [epoch 090]  average training loss: 8862.7341
cellbender:remove-background: [epoch 090] average test loss: 8773.8888
cellbender:remove-background: [epoch 091]  average training loss: 8855.1519
cellbender:remove-background: [epoch 092]  average training loss: 8855.8651
cellbender:remove-background: [epoch 093]  average training loss: 8849.8559
cellbender:remove-background: [epoch 094]  average training loss: 8857.5241
cellbender:remove-background: [epoch 095]  average training loss: 8854.2721
cellbender:remove-background: [epoch 095] average test loss: 8829.1539
cellbender:remove-background: [epoch 096]  average training loss: 8845.2070
cellbender:remove-background: [epoch 097]  average training loss: 8842.8097
cellbender:remove-background: [epoch 098]  average training loss: 8850.1237
cellbender:remove-background: [epoch 099]  average training loss: 8839.6155
cellbender:remove-background: [epoch 100]  average training loss: 8834.7088
cellbender:remove-background: [epoch 100] average test loss: 8788.5663
cellbender:remove-background: [epoch 101]  average training loss: 8831.6668
cellbender:remove-background: [epoch 102]  average training loss: 8835.7378
cellbender:remove-background: [epoch 103]  average training loss: 8847.3369
cellbender:remove-background: [epoch 104]  average training loss: 8829.0423
cellbender:remove-background: [epoch 105]  average training loss: 8822.2602
cellbender:remove-background: [epoch 105] average test loss: 8776.5614
cellbender:remove-background: [epoch 106]  average training loss: 8829.5298
cellbender:remove-background: [epoch 107]  average training loss: 8837.3827
cellbender:remove-background: [epoch 108]  average training loss: 8824.4916
cellbender:remove-background: [epoch 109]  average training loss: 8828.2974
cellbender:remove-background: [epoch 110]  average training loss: 8821.0535
cellbender:remove-background: [epoch 110] average test loss: 8794.5574
cellbender:remove-background: [epoch 111]  average training loss: 8821.5258
cellbender:remove-background: Saving a checkpoint...
cellbender:remove-background: Saved checkpoint as /data/ckpt.tar.gz
cellbender:remove-background: [epoch 112]  average training loss: 8824.1534
cellbender:remove-background: [epoch 113]  average training loss: 8824.4227
cellbender:remove-background: [epoch 114]  average training loss: 8820.0888
cellbender:remove-background: [epoch 115]  average training loss: 8824.6011
cellbender:remove-background: [epoch 115] average test loss: 8763.9445
cellbender:remove-background: [epoch 116]  average training loss: 8809.4199
cellbender:remove-background: [epoch 117]  average training loss: 8804.0288
cellbender:remove-background: [epoch 118]  average training loss: 8814.0856
cellbender:remove-background: [epoch 119]  average training loss: 8811.3129
cellbender:remove-background: [epoch 120]  average training loss: 8805.1073
cellbender:remove-background: [epoch 120] average test loss: 8757.2603
cellbender:remove-background: [epoch 121]  average training loss: 8808.9471
cellbender:remove-background: [epoch 122]  average training loss: 8813.3360
cellbender:remove-background: [epoch 123]  average training loss: 8804.0195
cellbender:remove-background: [epoch 124]  average training loss: 8804.6897
cellbender:remove-background: [epoch 125]  average training loss: 8803.9626
cellbender:remove-background: [epoch 125] average test loss: 8770.2738
cellbender:remove-background: [epoch 126]  average training loss: 8808.3006
cellbender:remove-background: [epoch 127]  average training loss: 8799.4666
cellbender:remove-background: [epoch 128]  average training loss: 8803.5511
cellbender:remove-background: [epoch 129]  average training loss: 8806.5007
cellbender:remove-background: [epoch 130]  average training loss: 8800.3242
cellbender:remove-background: [epoch 130] average test loss: 8745.6162
cellbender:remove-background: [epoch 131]  average training loss: 8801.5275
cellbender:remove-background: [epoch 132]  average training loss: 8802.9952
cellbender:remove-background: [epoch 133]  average training loss: 8803.0755
cellbender:remove-background: [epoch 134]  average training loss: 8796.4639
cellbender:remove-background: [epoch 135]  average training loss: 8799.0204
cellbender:remove-background: [epoch 135] average test loss: 8764.5464
cellbender:remove-background: [epoch 136]  average training loss: 8800.3468
cellbender:remove-background: [epoch 137]  average training loss: 8808.5702
cellbender:remove-background: [epoch 138]  average training loss: 8806.1524
cellbender:remove-background: [epoch 139]  average training loss: 8805.0569
cellbender:remove-background: [epoch 140]  average training loss: 8809.6928
cellbender:remove-background: [epoch 140] average test loss: 8769.7405
cellbender:remove-background: [epoch 141]  average training loss: 8800.4036
cellbender:remove-background: [epoch 142]  average training loss: 8798.1924
cellbender:remove-background: [epoch 143]  average training loss: 8797.1272
cellbender:remove-background: [epoch 144]  average training loss: 8803.5564
cellbender:remove-background: [epoch 145]  average training loss: 8797.0581
cellbender:remove-background: [epoch 145] average test loss: 8768.8598
cellbender:remove-background: [epoch 146]  average training loss: 8798.0211
cellbender:remove-background: [epoch 147]  average training loss: 8802.5320
cellbender:remove-background: [epoch 148]  average training loss: 8801.3599
cellbender:remove-background: Saving a checkpoint...
cellbender:remove-background: Saved checkpoint as /data/ckpt.tar.gz
cellbender:remove-background: [epoch 149]  average training loss: 8806.0239
cellbender:remove-background: [epoch 150]  average training loss: 8797.9717
cellbender:remove-background: [epoch 150] average test loss: 8767.2756
cellbender:remove-background: Saving a checkpoint...
cellbender:remove-background: Saved checkpoint as /data/ckpt.tar.gz
cellbender:remove-background: 2024-10-04 07:31:34
cellbender:remove-background: Inference procedure complete.
cellbender:remove-background: Attempting to unpack tarball "ckpt.tar.gz" to /tmp/tmp9mlyg8nb
cellbender:remove-background: Successfully unpacked tarball to /tmp/tmp9mlyg8nb
/tmp/tmp9mlyg8nb/20e6821eb4_args.npy
/tmp/tmp9mlyg8nb/20e6821eb4_random.pyro
/tmp/tmp9mlyg8nb/20e6821eb4_test.loaderstate
/tmp/tmp9mlyg8nb/20e6821eb4_optim.pyro
/tmp/tmp9mlyg8nb/20e6821eb4_optim.torch
/tmp/tmp9mlyg8nb/20e6821eb4_params.pyro
/tmp/tmp9mlyg8nb/20e6821eb4_train.loaderstate
/tmp/tmp9mlyg8nb/20e6821eb4_random.cuda
/tmp/tmp9mlyg8nb/20e6821eb4_model.torch
cellbender:remove-background: Posterior not currently included in checkpoint.
cellbender:remove-background: Computing posterior noise count probabilities in mini-batches.
cellbender:remove-background: Working on chunk (1/182)
cellbender:remove-background:     [0.05 mins per chunk]
cellbender:remove-background: Working on chunk (2/182)
cellbender:remove-background: Working on chunk (3/182)
cellbender:remove-background: Working on chunk (4/182)
cellbender:remove-background: Working on chunk (5/182)
cellbender:remove-background: Working on chunk (6/182)
cellbender:remove-background: Working on chunk (7/182)
cellbender:remove-background: Working on chunk (8/182)
cellbender:remove-background: Working on chunk (9/182)
cellbender:remove-background: Working on chunk (10/182)
cellbender:remove-background: Working on chunk (11/182)
cellbender:remove-background: Working on chunk (12/182)
cellbender:remove-background: Working on chunk (13/182)
cellbender:remove-background: Working on chunk (14/182)
cellbender:remove-background: Working on chunk (15/182)
cellbender:remove-background: Working on chunk (16/182)
cellbender:remove-background: Working on chunk (17/182)
cellbender:remove-background: Working on chunk (18/182)
cellbender:remove-background: Working on chunk (19/182)
cellbender:remove-background: Working on chunk (20/182)
cellbender:remove-background: Working on chunk (21/182)
cellbender:remove-background: Working on chunk (22/182)
cellbender:remove-background: Working on chunk (23/182)
cellbender:remove-background: Working on chunk (24/182)
cellbender:remove-background: Working on chunk (25/182)
cellbender:remove-background: Working on chunk (26/182)
cellbender:remove-background: Working on chunk (27/182)
cellbender:remove-background: Working on chunk (28/182)
cellbender:remove-background: Working on chunk (29/182)
cellbender:remove-background: Working on chunk (30/182)
cellbender:remove-background: Working on chunk (31/182)
cellbender:remove-background: Working on chunk (32/182)
cellbender:remove-background: Working on chunk (33/182)
cellbender:remove-background: Working on chunk (34/182)
cellbender:remove-background: Working on chunk (35/182)
cellbender:remove-background: Working on chunk (36/182)
cellbender:remove-background: Working on chunk (37/182)
cellbender:remove-background: Working on chunk (38/182)
cellbender:remove-background: Working on chunk (39/182)
cellbender:remove-background: Working on chunk (40/182)
cellbender:remove-background: Working on chunk (41/182)
cellbender:remove-background: Working on chunk (42/182)
cellbender:remove-background: Working on chunk (43/182)
cellbender:remove-background: Working on chunk (44/182)
cellbender:remove-background: Working on chunk (45/182)
cellbender:remove-background: Working on chunk (46/182)
cellbender:remove-background: Working on chunk (47/182)
cellbender:remove-background: Working on chunk (48/182)
cellbender:remove-background: Working on chunk (49/182)
cellbender:remove-background: Working on chunk (50/182)
cellbender:remove-background: Working on chunk (51/182)
cellbender:remove-background: Working on chunk (52/182)
cellbender:remove-background: Working on chunk (53/182)
cellbender:remove-background: Working on chunk (54/182)
cellbender:remove-background: Working on chunk (55/182)
cellbender:remove-background: Working on chunk (56/182)
cellbender:remove-background: Working on chunk (57/182)
cellbender:remove-background: Working on chunk (58/182)
cellbender:remove-background: Working on chunk (59/182)
cellbender:remove-background: Working on chunk (60/182)
cellbender:remove-background: Working on chunk (61/182)
cellbender:remove-background: Working on chunk (62/182)
cellbender:remove-background: Working on chunk (63/182)
cellbender:remove-background: Working on chunk (64/182)
cellbender:remove-background: Working on chunk (65/182)
cellbender:remove-background: Working on chunk (66/182)
cellbender:remove-background: Working on chunk (67/182)
cellbender:remove-background: Working on chunk (68/182)
cellbender:remove-background: Working on chunk (69/182)
cellbender:remove-background: Working on chunk (70/182)
cellbender:remove-background: Working on chunk (71/182)
cellbender:remove-background: Working on chunk (72/182)
cellbender:remove-background: Working on chunk (73/182)
cellbender:remove-background: Working on chunk (74/182)
cellbender:remove-background: Working on chunk (75/182)
cellbender:remove-background: Working on chunk (76/182)
cellbender:remove-background: Working on chunk (77/182)
cellbender:remove-background: Working on chunk (78/182)
cellbender:remove-background: Working on chunk (79/182)
cellbender:remove-background: Working on chunk (80/182)
cellbender:remove-background: Working on chunk (81/182)
cellbender:remove-background: Working on chunk (82/182)
cellbender:remove-background: Working on chunk (83/182)
cellbender:remove-background: Working on chunk (84/182)
cellbender:remove-background: Working on chunk (85/182)
cellbender:remove-background: Working on chunk (86/182)
cellbender:remove-background: Working on chunk (87/182)
cellbender:remove-background: Working on chunk (88/182)
cellbender:remove-background: Working on chunk (89/182)
cellbender:remove-background: Working on chunk (90/182)
cellbender:remove-background: Working on chunk (91/182)
cellbender:remove-background: Working on chunk (92/182)
cellbender:remove-background: Working on chunk (93/182)
cellbender:remove-background: Working on chunk (94/182)
cellbender:remove-background: Working on chunk (95/182)
cellbender:remove-background: Working on chunk (96/182)
cellbender:remove-background: Working on chunk (97/182)
cellbender:remove-background: Working on chunk (98/182)
cellbender:remove-background: Working on chunk (99/182)
cellbender:remove-background: Working on chunk (100/182)
cellbender:remove-background: Working on chunk (101/182)
cellbender:remove-background: Working on chunk (102/182)
cellbender:remove-background: Working on chunk (103/182)
cellbender:remove-background: Working on chunk (104/182)
cellbender:remove-background: Working on chunk (105/182)
cellbender:remove-background: Working on chunk (106/182)
cellbender:remove-background: Working on chunk (107/182)
cellbender:remove-background: Working on chunk (108/182)
cellbender:remove-background: Working on chunk (109/182)
cellbender:remove-background: Working on chunk (110/182)
cellbender:remove-background: Working on chunk (111/182)
cellbender:remove-background: Working on chunk (112/182)
cellbender:remove-background: Working on chunk (113/182)
cellbender:remove-background: Working on chunk (114/182)
cellbender:remove-background: Working on chunk (115/182)
cellbender:remove-background: Working on chunk (116/182)
cellbender:remove-background: Working on chunk (117/182)
cellbender:remove-background: Working on chunk (118/182)
cellbender:remove-background: Working on chunk (119/182)
cellbender:remove-background: Working on chunk (120/182)
cellbender:remove-background: Working on chunk (121/182)
cellbender:remove-background: Working on chunk (122/182)
cellbender:remove-background: Working on chunk (123/182)
cellbender:remove-background: Working on chunk (124/182)
cellbender:remove-background: Working on chunk (125/182)
cellbender:remove-background: Working on chunk (126/182)
cellbender:remove-background: Working on chunk (127/182)
cellbender:remove-background: Working on chunk (128/182)
cellbender:remove-background: Working on chunk (129/182)
cellbender:remove-background: Working on chunk (130/182)
cellbender:remove-background: Working on chunk (131/182)
cellbender:remove-background: Working on chunk (132/182)
cellbender:remove-background: Working on chunk (133/182)
cellbender:remove-background: Working on chunk (134/182)
cellbender:remove-background: Working on chunk (135/182)
cellbender:remove-background: Working on chunk (136/182)
cellbender:remove-background: Working on chunk (137/182)
cellbender:remove-background: Working on chunk (138/182)
cellbender:remove-background: Working on chunk (139/182)
cellbender:remove-background: Working on chunk (140/182)
cellbender:remove-background: Working on chunk (141/182)
cellbender:remove-background: Working on chunk (142/182)
cellbender:remove-background: Working on chunk (143/182)
cellbender:remove-background: Working on chunk (144/182)
cellbender:remove-background: Working on chunk (145/182)
cellbender:remove-background: Working on chunk (146/182)
cellbender:remove-background: Working on chunk (147/182)
cellbender:remove-background: Working on chunk (148/182)
cellbender:remove-background: Working on chunk (149/182)
cellbender:remove-background: Working on chunk (150/182)
cellbender:remove-background: Working on chunk (151/182)
cellbender:remove-background: Working on chunk (152/182)
cellbender:remove-background: Working on chunk (153/182)
cellbender:remove-background: Working on chunk (154/182)
cellbender:remove-background: Working on chunk (155/182)
cellbender:remove-background: Working on chunk (156/182)
cellbender:remove-background: Working on chunk (157/182)
cellbender:remove-background: Working on chunk (158/182)
cellbender:remove-background: Working on chunk (159/182)
cellbender:remove-background: Working on chunk (160/182)
cellbender:remove-background: Working on chunk (161/182)
cellbender:remove-background: Working on chunk (162/182)
cellbender:remove-background: Working on chunk (163/182)
cellbender:remove-background: Working on chunk (164/182)
cellbender:remove-background: Working on chunk (165/182)
cellbender:remove-background: Working on chunk (166/182)
cellbender:remove-background: Working on chunk (167/182)
cellbender:remove-background: Working on chunk (168/182)
cellbender:remove-background: Working on chunk (169/182)
cellbender:remove-background: Working on chunk (170/182)
cellbender:remove-background: Working on chunk (171/182)
cellbender:remove-background: Working on chunk (172/182)
cellbender:remove-background: Working on chunk (173/182)
cellbender:remove-background: Working on chunk (174/182)
cellbender:remove-background: Working on chunk (175/182)
cellbender:remove-background: Working on chunk (176/182)
cellbender:remove-background: Working on chunk (177/182)
cellbender:remove-background: Working on chunk (178/182)
cellbender:remove-background: Working on chunk (179/182)
cellbender:remove-background: Working on chunk (180/182)
cellbender:remove-background: Working on chunk (181/182)
cellbender:remove-background: Working on chunk (182/182)
cellbender:remove-background: Writing full posterior to cellranger/cd40-1/cellbender/cellbender_posterior.h5
cellbender:remove-background: Succeeded in writing posterior to file cellranger/cd40-1/cellbender/cellbender_posterior.h5
cellbender:remove-background: Added posterior object to checkpoint file.
cellbender:remove-background: 2024-10-04 07:45:48

cellbender:remove-background: Saved summary plots as cellranger/cd40-1/cellbender/cellbender.pdf
cellbender:remove-background: Saved cell barcodes in cellranger/cd40-1/cellbender/cellbender_cell_barcodes.csv
cellbender:remove-background: Computing target noise counts per gene for MCKP estimator
cellbender:remove-background: Using MCKP noise targets computed for FPR 0.01
cellbender:remove-background: Computing denoised counts using mckp estimator
cellbender:remove-background: Working on chunk (1/6)
cellbender:remove-background:     [7.97 mins per chunk]
cellbender:remove-background: Working on chunk (2/6)
cellbender:remove-background: Working on chunk (3/6)
cellbender:remove-background: Working on chunk (4/6)
cellbender:remove-background: Working on chunk (5/6)
cellbender:remove-background: Working on chunk (6/6)
cellbender:remove-background: 2024-10-04 08:35:56 Total MCKP estimation time = 2872.28 sec
cellbender:remove-background: Succeeded in writing CellRanger format output to file cellranger/cd40-1/cellbender/cellbender.h5
cellbender:remove-background: Succeeded in writing CellRanger format output to file cellranger/cd40-1/cellbender/cellbender_filtered.h5
cellbender:remove-background: Saved output metrics as cellranger/cd40-1/cellbender/cellbender_metrics.csv
cellbender:remove-background: Succeeded in writing report to cellranger/cd40-1/cellbender/cellbender_report.html
cellbender:remove-background: Completed remove-background.
cellbender:remove-background: 2024-10-04 08:37:09

