cellbender:remove-background: Command:
cellbender remove-background --cuda --input cellranger/cd40-2/raw_feature_bc_matrix.h5 --output cellranger/cd40-2/cellbender/cellbender.h5 --learning-rate 0.00005
cellbender:remove-background: CellBender 0.3.0
cellbender:remove-background: (Workflow hash 695724c0a5)
cellbender:remove-background: 2024-10-05 08:32:30
cellbender:remove-background: Running remove-background
cellbender:remove-background: Loading data from cellranger/cd40-2/raw_feature_bc_matrix.h5
cellbender:remove-background: CellRanger v3 format
cellbender:remove-background: Features in dataset: 33696 Gene Expression
cellbender:remove-background: Trimming features for inference.
cellbender:remove-background: 28757 features have nonzero counts.
cellbender:remove-background: Prior on counts for cells is 13352
cellbender:remove-background: Prior on counts for empty droplets is 108
cellbender:remove-background: Excluding 9668 features that are estimated to have <= 0.1 background counts in cells.
cellbender:remove-background: Including 19089 features in the analysis.
cellbender:remove-background: Trimming barcodes for inference.
cellbender:remove-background: Excluding barcodes with counts below 54
cellbender:remove-background: Using 11246 probable cell barcodes, plus an additional 33003 barcodes, and 127539 empty droplets.
cellbender:remove-background: Largest surely-empty droplet has 188 UMI counts.
cellbender:remove-background: Attempting to unpack tarball "ckpt.tar.gz" to /tmp/tmp610_vnst
