cellbender:remove-background: Command:
cellbender remove-background --cuda --input cellranger/tak-2/raw_feature_bc_matrix.h5 --output cellranger/tak-2/cellbender/cellbender.h5 --epochs 200 --learning-rate 0.00001
cellbender:remove-background: CellBender 0.3.0
cellbender:remove-background: (Workflow hash 13c35bce3d)
cellbender:remove-background: 2024-10-07 07:34:15
cellbender:remove-background: Running remove-background
cellbender:remove-background: Loading data from cellranger/tak-2/raw_feature_bc_matrix.h5
cellbender:remove-background: CellRanger v3 format
cellbender:remove-background: Features in dataset: 33696 Gene Expression
cellbender:remove-background: Trimming features for inference.
cellbender:remove-background: 29022 features have nonzero counts.
cellbender:remove-background: Prior on counts for cells is 26040
cellbender:remove-background: Prior on counts for empty droplets is 132
cellbender:remove-background: Excluding 10231 features that are estimated to have <= 0.1 background counts in cells.
cellbender:remove-background: Including 18791 features in the analysis.
cellbender:remove-background: Trimming barcodes for inference.
cellbender:remove-background: Excluding barcodes with counts below 66
cellbender:remove-background: Using 9789 probable cell barcodes, plus an additional 30133 barcodes, and 126868 empty droplets.
cellbender:remove-background: Largest surely-empty droplet has 213 UMI counts.
cellbender:remove-background: Attempting to unpack tarball "ckpt.tar.gz" to /tmp/tmp2p02btzx
cellbender:remove-background: Successfully unpacked tarball to /tmp/tmp2p02btzx
/tmp/tmp2p02btzx/666eab7275_optim.pyro
/tmp/tmp2p02btzx/666eab7275_params.pyro
/tmp/tmp2p02btzx/666eab7275_train.loaderstate
/tmp/tmp2p02btzx/666eab7275_optim.torch
/tmp/tmp2p02btzx/666eab7275_random.pyro
/tmp/tmp2p02btzx/666eab7275_model.torch
/tmp/tmp2p02btzx/666eab7275_args.npy
/tmp/tmp2p02btzx/666eab7275_test.loaderstate
/tmp/tmp2p02btzx/666eab7275_random.cuda
/tmp/tmp2p02btzx/posterior.h5
cellbender:remove-background: Workflow hash does not match that of checkpoint.
cellbender:remove-background: No checkpoint loaded.
cellbender:remove-background: Running inference...
cellbender:remove-background: [epoch 001]  average training loss: 27969.5338
cellbender:remove-background: [epoch 002]  average training loss: 26313.7455  (11.4 seconds per epoch)
cellbender:remove-background: Will checkpoint every 37 epochs
cellbender:remove-background: [epoch 003]  average training loss: 25628.0127
cellbender:remove-background: [epoch 004]  average training loss: 23981.4655
cellbender:remove-background: [epoch 005]  average training loss: 22503.7930
cellbender:remove-background: [epoch 005] average test loss: 22264.8601
cellbender:remove-background: [epoch 006]  average training loss: 21090.8892
cellbender:remove-background: [epoch 007]  average training loss: 19747.2427
cellbender:remove-background: [epoch 008]  average training loss: 17855.3521
cellbender:remove-background: [epoch 009]  average training loss: 16105.5711
cellbender:remove-background: [epoch 010]  average training loss: 12736.4970
cellbender:remove-background: [epoch 010] average test loss: 10990.8411
cellbender:remove-background: [epoch 011]  average training loss: 9926.1417
cellbender:remove-background: [epoch 012]  average training loss: 8843.2842
cellbender:remove-background: [epoch 013]  average training loss: 8422.6846
cellbender:remove-background: [epoch 014]  average training loss: 8070.0592
cellbender:remove-background: [epoch 015]  average training loss: 7992.5336
cellbender:remove-background: [epoch 015] average test loss: 7934.0538
cellbender:remove-background: [epoch 016]  average training loss: 7898.3631
cellbender:remove-background: [epoch 017]  average training loss: 7914.8298
cellbender:remove-background: [epoch 018]  average training loss: 7867.2659
cellbender:remove-background: [epoch 019]  average training loss: 7853.6232
cellbender:remove-background: [epoch 020]  average training loss: 7769.4604
cellbender:remove-background: [epoch 020] average test loss: 7724.4035
cellbender:remove-background: [epoch 021]  average training loss: 7760.5379
cellbender:remove-background: [epoch 022]  average training loss: 7749.5327
cellbender:remove-background: [epoch 023]  average training loss: 7721.5202
cellbender:remove-background: [epoch 024]  average training loss: 7732.4048
cellbender:remove-background: [epoch 025]  average training loss: 7647.3196
cellbender:remove-background: [epoch 025] average test loss: 7793.8632
cellbender:remove-background: [epoch 026]  average training loss: 7658.1936
cellbender:remove-background: [epoch 027]  average training loss: 7616.4376
cellbender:remove-background: [epoch 028]  average training loss: 7642.0972
cellbender:remove-background: [epoch 029]  average training loss: 7580.6493
cellbender:remove-background: [epoch 030]  average training loss: 7496.7260
cellbender:remove-background: [epoch 030] average test loss: 8010.5622
cellbender:remove-background: [epoch 031]  average training loss: 7363.5938
cellbender:remove-background: [epoch 032]  average training loss: 7251.3124
cellbender:remove-background: [epoch 033]  average training loss: 7210.0715
cellbender:remove-background: [epoch 034]  average training loss: 7174.6412
cellbender:remove-background: [epoch 035]  average training loss: 7157.8011
cellbender:remove-background: [epoch 035] average test loss: 7149.6475
cellbender:remove-background: [epoch 036]  average training loss: 7067.2878
cellbender:remove-background: [epoch 037]  average training loss: 7098.4806
cellbender:remove-background: Saving a checkpoint...
cellbender:remove-background: Saved checkpoint as /data/ckpt.tar.gz
cellbender:remove-background: [epoch 038]  average training loss: 7055.5507
cellbender:remove-background: [epoch 039]  average training loss: 7046.1732
cellbender:remove-background: [epoch 040]  average training loss: 7055.2615
cellbender:remove-background: [epoch 040] average test loss: 7041.3908
cellbender:remove-background: [epoch 041]  average training loss: 7004.6817
cellbender:remove-background: [epoch 042]  average training loss: 7017.3417
cellbender:remove-background: [epoch 043]  average training loss: 7006.2255
cellbender:remove-background: [epoch 044]  average training loss: 7037.7169
cellbender:remove-background: [epoch 045]  average training loss: 7003.3017
cellbender:remove-background: [epoch 045] average test loss: 7018.1392
cellbender:remove-background: [epoch 046]  average training loss: 7026.6867
cellbender:remove-background: [epoch 047]  average training loss: 6988.8357
cellbender:remove-background: [epoch 048]  average training loss: 6980.6824
cellbender:remove-background: [epoch 049]  average training loss: 6961.1088
cellbender:remove-background: [epoch 050]  average training loss: 6949.5649
cellbender:remove-background: [epoch 050] average test loss: 7006.0981
cellbender:remove-background: [epoch 051]  average training loss: 6936.7061
cellbender:remove-background: [epoch 052]  average training loss: 6917.2408
cellbender:remove-background: [epoch 053]  average training loss: 6908.0028
cellbender:remove-background: [epoch 054]  average training loss: 6896.8504
cellbender:remove-background: [epoch 055]  average training loss: 6880.2921
cellbender:remove-background: [epoch 055] average test loss: 6949.4344
cellbender:remove-background: [epoch 056]  average training loss: 6881.6035
cellbender:remove-background: [epoch 057]  average training loss: 6861.0453
cellbender:remove-background: [epoch 058]  average training loss: 6835.3451
cellbender:remove-background: [epoch 059]  average training loss: 6839.5317
cellbender:remove-background: [epoch 060]  average training loss: 6796.6398
cellbender:remove-background: [epoch 060] average test loss: 6871.6715
cellbender:remove-background: [epoch 061]  average training loss: 6786.0084
cellbender:remove-background: [epoch 062]  average training loss: 6768.0860
cellbender:remove-background: [epoch 063]  average training loss: 6759.6359
cellbender:remove-background: [epoch 064]  average training loss: 6747.4272
cellbender:remove-background: [epoch 065]  average training loss: 6728.5644
cellbender:remove-background: [epoch 065] average test loss: 6806.5434
cellbender:remove-background: [epoch 066]  average training loss: 6704.6631
cellbender:remove-background: [epoch 067]  average training loss: 6695.8291
cellbender:remove-background: [epoch 068]  average training loss: 6661.9135
cellbender:remove-background: [epoch 069]  average training loss: 6646.7196
cellbender:remove-background: [epoch 070]  average training loss: 6638.3931
cellbender:remove-background: [epoch 070] average test loss: 6702.0423
cellbender:remove-background: [epoch 071]  average training loss: 6618.3680
cellbender:remove-background: [epoch 072]  average training loss: 6602.4268
cellbender:remove-background: [epoch 073]  average training loss: 6598.6255
cellbender:remove-background: [epoch 074]  average training loss: 6590.0452
cellbender:remove-background: Saving a checkpoint...
cellbender:remove-background: Saved checkpoint as /data/ckpt.tar.gz
cellbender:remove-background: [epoch 075]  average training loss: 6570.1205
cellbender:remove-background: [epoch 075] average test loss: 6658.6709
cellbender:remove-background: [epoch 076]  average training loss: 6567.1353
cellbender:remove-background: [epoch 077]  average training loss: 6559.4120
cellbender:remove-background: [epoch 078]  average training loss: 6545.1140
cellbender:remove-background: [epoch 079]  average training loss: 6545.8408
cellbender:remove-background: [epoch 080]  average training loss: 6537.8060
cellbender:remove-background: [epoch 080] average test loss: 6639.1869
cellbender:remove-background: [epoch 081]  average training loss: 6532.1585
cellbender:remove-background: [epoch 082]  average training loss: 6522.6788
cellbender:remove-background: [epoch 083]  average training loss: 6523.0904
cellbender:remove-background: [epoch 084]  average training loss: 6525.0003
cellbender:remove-background: [epoch 085]  average training loss: 6508.0034
cellbender:remove-background: [epoch 085] average test loss: 6594.7748
cellbender:remove-background: [epoch 086]  average training loss: 6505.2120
cellbender:remove-background: [epoch 087]  average training loss: 6507.3666
cellbender:remove-background: [epoch 088]  average training loss: 6501.7483
cellbender:remove-background: [epoch 089]  average training loss: 6495.5854
cellbender:remove-background: [epoch 090]  average training loss: 6495.5904
cellbender:remove-background: [epoch 090] average test loss: 6584.5712
cellbender:remove-background: [epoch 091]  average training loss: 6488.6725
cellbender:remove-background: [epoch 092]  average training loss: 6487.5609
cellbender:remove-background: [epoch 093]  average training loss: 6483.8570
cellbender:remove-background: [epoch 094]  average training loss: 6472.5505
cellbender:remove-background: [epoch 095]  average training loss: 6479.6580
cellbender:remove-background: [epoch 095] average test loss: 6563.0077
cellbender:remove-background: [epoch 096]  average training loss: 6470.9077
cellbender:remove-background: [epoch 097]  average training loss: 6461.7461
cellbender:remove-background: [epoch 098]  average training loss: 6461.8981
cellbender:remove-background: [epoch 099]  average training loss: 6456.3927
cellbender:remove-background: [epoch 100]  average training loss: 6453.9477
cellbender:remove-background: [epoch 100] average test loss: 6557.3496
cellbender:remove-background: [epoch 101]  average training loss: 6450.9096
cellbender:remove-background: [epoch 102]  average training loss: 6449.8273
cellbender:remove-background: [epoch 103]  average training loss: 6448.4912
cellbender:remove-background: [epoch 104]  average training loss: 6445.1831
cellbender:remove-background: [epoch 105]  average training loss: 6443.2229
cellbender:remove-background: [epoch 105] average test loss: 6559.2416
cellbender:remove-background: [epoch 106]  average training loss: 6439.7256
cellbender:remove-background: [epoch 107]  average training loss: 6437.7903
cellbender:remove-background: [epoch 108]  average training loss: 6436.0234
cellbender:remove-background: [epoch 109]  average training loss: 6432.0577
cellbender:remove-background: [epoch 110]  average training loss: 6432.7082
cellbender:remove-background: [epoch 110] average test loss: 6533.6388
cellbender:remove-background: [epoch 111]  average training loss: 6429.0685
cellbender:remove-background: Saving a checkpoint...
cellbender:remove-background: Saved checkpoint as /data/ckpt.tar.gz
cellbender:remove-background: [epoch 112]  average training loss: 6433.5471
cellbender:remove-background: [epoch 113]  average training loss: 6426.4590
cellbender:remove-background: [epoch 114]  average training loss: 6422.7458
cellbender:remove-background: [epoch 115]  average training loss: 6420.3590
cellbender:remove-background: [epoch 115] average test loss: 6525.3181
cellbender:remove-background: [epoch 116]  average training loss: 6425.1182
cellbender:remove-background: [epoch 117]  average training loss: 6419.2234
cellbender:remove-background: [epoch 118]  average training loss: 6418.0124
cellbender:remove-background: [epoch 119]  average training loss: 6415.6626
cellbender:remove-background: [epoch 120]  average training loss: 6415.0119
cellbender:remove-background: [epoch 120] average test loss: 6518.1654
cellbender:remove-background: [epoch 121]  average training loss: 6414.0445
cellbender:remove-background: [epoch 122]  average training loss: 6413.2763
cellbender:remove-background: [epoch 123]  average training loss: 6413.4780
cellbender:remove-background: [epoch 124]  average training loss: 6407.6908
cellbender:remove-background: [epoch 125]  average training loss: 6408.9197
cellbender:remove-background: [epoch 125] average test loss: 6501.2104
cellbender:remove-background: [epoch 126]  average training loss: 6404.3263
cellbender:remove-background: [epoch 127]  average training loss: 6403.0647
cellbender:remove-background: [epoch 128]  average training loss: 6407.1953
cellbender:remove-background: [epoch 129]  average training loss: 6403.7654
cellbender:remove-background: [epoch 130]  average training loss: 6402.9217
cellbender:remove-background: [epoch 130] average test loss: 6507.2394
cellbender:remove-background: [epoch 131]  average training loss: 6401.1402
cellbender:remove-background: [epoch 132]  average training loss: 6401.8115
cellbender:remove-background: [epoch 133]  average training loss: 6396.7125
cellbender:remove-background: [epoch 134]  average training loss: 6401.1070
cellbender:remove-background: [epoch 135]  average training loss: 6396.4417
cellbender:remove-background: [epoch 135] average test loss: 6508.9447
cellbender:remove-background: [epoch 136]  average training loss: 6398.9827
cellbender:remove-background: [epoch 137]  average training loss: 6399.5704
cellbender:remove-background: [epoch 138]  average training loss: 6396.9932
cellbender:remove-background: [epoch 139]  average training loss: 6394.0122
cellbender:remove-background: [epoch 140]  average training loss: 6396.2641
cellbender:remove-background: [epoch 140] average test loss: 6506.0719
cellbender:remove-background: [epoch 141]  average training loss: 6396.6556
cellbender:remove-background: [epoch 142]  average training loss: 6394.7799
cellbender:remove-background: [epoch 143]  average training loss: 6388.6044
cellbender:remove-background: [epoch 144]  average training loss: 6392.9527
cellbender:remove-background: [epoch 145]  average training loss: 6384.9689
cellbender:remove-background: [epoch 145] average test loss: 6490.2545
cellbender:remove-background: [epoch 146]  average training loss: 6391.3661
cellbender:remove-background: [epoch 147]  average training loss: 6389.9607
cellbender:remove-background: [epoch 148]  average training loss: 6389.0893
cellbender:remove-background: Saving a checkpoint...
cellbender:remove-background: Saved checkpoint as /data/ckpt.tar.gz
cellbender:remove-background: [epoch 149]  average training loss: 6388.8020
cellbender:remove-background: [epoch 150]  average training loss: 6386.6900
cellbender:remove-background: [epoch 150] average test loss: 6481.1398
cellbender:remove-background: [epoch 151]  average training loss: 6388.1133
cellbender:remove-background: [epoch 152]  average training loss: 6383.4617
cellbender:remove-background: [epoch 153]  average training loss: 6381.8942
cellbender:remove-background: [epoch 154]  average training loss: 6381.4188
cellbender:remove-background: [epoch 155]  average training loss: 6383.5089
cellbender:remove-background: [epoch 155] average test loss: 6491.7985
cellbender:remove-background: [epoch 156]  average training loss: 6385.6140
cellbender:remove-background: [epoch 157]  average training loss: 6380.6845
cellbender:remove-background: [epoch 158]  average training loss: 6381.6210
cellbender:remove-background: [epoch 159]  average training loss: 6379.0990
cellbender:remove-background: [epoch 160]  average training loss: 6381.4154
cellbender:remove-background: [epoch 160] average test loss: 6482.0421
cellbender:remove-background: [epoch 161]  average training loss: 6381.6830
cellbender:remove-background: [epoch 162]  average training loss: 6382.6678
cellbender:remove-background: [epoch 163]  average training loss: 6380.4453
cellbender:remove-background: [epoch 164]  average training loss: 6381.8901
cellbender:remove-background: [epoch 165]  average training loss: 6377.9752
cellbender:remove-background: [epoch 165] average test loss: 6488.6753
cellbender:remove-background: [epoch 166]  average training loss: 6380.8751
cellbender:remove-background: [epoch 167]  average training loss: 6378.0422
cellbender:remove-background: [epoch 168]  average training loss: 6378.0034
cellbender:remove-background: [epoch 169]  average training loss: 6383.0628
cellbender:remove-background: [epoch 170]  average training loss: 6375.0646
cellbender:remove-background: [epoch 170] average test loss: 6482.4289
cellbender:remove-background: [epoch 171]  average training loss: 6375.0057
cellbender:remove-background: [epoch 172]  average training loss: 6380.2793
cellbender:remove-background: [epoch 173]  average training loss: 6377.1116
cellbender:remove-background: [epoch 174]  average training loss: 6377.2945
cellbender:remove-background: [epoch 175]  average training loss: 6378.0802
cellbender:remove-background: [epoch 175] average test loss: 6486.8396
cellbender:remove-background: [epoch 176]  average training loss: 6375.9730
cellbender:remove-background: [epoch 177]  average training loss: 6378.3595
cellbender:remove-background: [epoch 178]  average training loss: 6380.5843
cellbender:remove-background: [epoch 179]  average training loss: 6375.2870
cellbender:remove-background: [epoch 180]  average training loss: 6375.8545
cellbender:remove-background: [epoch 180] average test loss: 6485.1831
cellbender:remove-background: [epoch 181]  average training loss: 6375.2720
cellbender:remove-background: [epoch 182]  average training loss: 6375.3314
cellbender:remove-background: [epoch 183]  average training loss: 6376.1100
cellbender:remove-background: [epoch 184]  average training loss: 6374.3745
cellbender:remove-background: [epoch 185]  average training loss: 6374.6923
cellbender:remove-background: [epoch 185] average test loss: 6492.7334
cellbender:remove-background: Saving a checkpoint...
cellbender:remove-background: Saved checkpoint as /data/ckpt.tar.gz
cellbender:remove-background: [epoch 186]  average training loss: 6376.6175
cellbender:remove-background: [epoch 187]  average training loss: 6376.5733
cellbender:remove-background: [epoch 188]  average training loss: 6376.7204
cellbender:remove-background: [epoch 189]  average training loss: 6377.0847
cellbender:remove-background: [epoch 190]  average training loss: 6374.7350
cellbender:remove-background: [epoch 190] average test loss: 6488.1692
cellbender:remove-background: [epoch 191]  average training loss: 6374.0483
cellbender:remove-background: [epoch 192]  average training loss: 6374.8288
cellbender:remove-background: [epoch 193]  average training loss: 6378.4746
cellbender:remove-background: [epoch 194]  average training loss: 6374.5099
cellbender:remove-background: [epoch 195]  average training loss: 6376.6455
cellbender:remove-background: [epoch 195] average test loss: 6494.7517
cellbender:remove-background: [epoch 196]  average training loss: 6375.6803
cellbender:remove-background: [epoch 197]  average training loss: 6376.1822
cellbender:remove-background: [epoch 198]  average training loss: 6376.8248
cellbender:remove-background: [epoch 199]  average training loss: 6375.4818
cellbender:remove-background: [epoch 200]  average training loss: 6377.9310
cellbender:remove-background: [epoch 200] average test loss: 6484.0250
cellbender:remove-background: Saving a checkpoint...
cellbender:remove-background: Saved checkpoint as /data/ckpt.tar.gz
cellbender:remove-background: 2024-10-07 08:20:27
cellbender:remove-background: Inference procedure complete.
cellbender:remove-background: Attempting to unpack tarball "ckpt.tar.gz" to /tmp/tmp8t_7o5nt
cellbender:remove-background: Successfully unpacked tarball to /tmp/tmp8t_7o5nt
/tmp/tmp8t_7o5nt/13c35bce3d_train.loaderstate
/tmp/tmp8t_7o5nt/13c35bce3d_test.loaderstate
/tmp/tmp8t_7o5nt/13c35bce3d_params.pyro
/tmp/tmp8t_7o5nt/13c35bce3d_random.pyro
/tmp/tmp8t_7o5nt/13c35bce3d_args.npy
/tmp/tmp8t_7o5nt/13c35bce3d_optim.pyro
/tmp/tmp8t_7o5nt/13c35bce3d_optim.torch
/tmp/tmp8t_7o5nt/13c35bce3d_random.cuda
/tmp/tmp8t_7o5nt/13c35bce3d_model.torch
cellbender:remove-background: Posterior not currently included in checkpoint.
cellbender:remove-background: Computing posterior noise count probabilities in mini-batches.
cellbender:remove-background: Working on chunk (1/175)
cellbender:remove-background:     [0.04 mins per chunk]
cellbender:remove-background: Working on chunk (2/175)
cellbender:remove-background: Working on chunk (3/175)
cellbender:remove-background: Working on chunk (4/175)
cellbender:remove-background: Working on chunk (5/175)
cellbender:remove-background: Working on chunk (6/175)
cellbender:remove-background: Working on chunk (7/175)
cellbender:remove-background: Working on chunk (8/175)
cellbender:remove-background: Working on chunk (9/175)
cellbender:remove-background: Working on chunk (10/175)
cellbender:remove-background: Working on chunk (11/175)
cellbender:remove-background: Working on chunk (12/175)
cellbender:remove-background: Working on chunk (13/175)
cellbender:remove-background: Working on chunk (14/175)
cellbender:remove-background: Working on chunk (15/175)
cellbender:remove-background: Working on chunk (16/175)
cellbender:remove-background: Working on chunk (17/175)
cellbender:remove-background: Working on chunk (18/175)
cellbender:remove-background: Working on chunk (19/175)
cellbender:remove-background: Working on chunk (20/175)
cellbender:remove-background: Working on chunk (21/175)
cellbender:remove-background: Working on chunk (22/175)
cellbender:remove-background: Working on chunk (23/175)
cellbender:remove-background: Working on chunk (24/175)
cellbender:remove-background: Working on chunk (25/175)
cellbender:remove-background: Working on chunk (26/175)
cellbender:remove-background: Working on chunk (27/175)
cellbender:remove-background: Working on chunk (28/175)
cellbender:remove-background: Working on chunk (29/175)
cellbender:remove-background: Working on chunk (30/175)
cellbender:remove-background: Working on chunk (31/175)
cellbender:remove-background: Working on chunk (32/175)
cellbender:remove-background: Working on chunk (33/175)
cellbender:remove-background: Working on chunk (34/175)
cellbender:remove-background: Working on chunk (35/175)
cellbender:remove-background: Working on chunk (36/175)
cellbender:remove-background: Working on chunk (37/175)
cellbender:remove-background: Working on chunk (38/175)
cellbender:remove-background: Working on chunk (39/175)
cellbender:remove-background: Working on chunk (40/175)
cellbender:remove-background: Working on chunk (41/175)
cellbender:remove-background: Working on chunk (42/175)
cellbender:remove-background: Working on chunk (43/175)
cellbender:remove-background: Working on chunk (44/175)
cellbender:remove-background: Working on chunk (45/175)
cellbender:remove-background: Working on chunk (46/175)
cellbender:remove-background: Working on chunk (47/175)
cellbender:remove-background: Working on chunk (48/175)
cellbender:remove-background: Working on chunk (49/175)
cellbender:remove-background: Working on chunk (50/175)
cellbender:remove-background: Working on chunk (51/175)
cellbender:remove-background: Working on chunk (52/175)
cellbender:remove-background: Working on chunk (53/175)
cellbender:remove-background: Working on chunk (54/175)
cellbender:remove-background: Working on chunk (55/175)
cellbender:remove-background: Working on chunk (56/175)
cellbender:remove-background: Working on chunk (57/175)
cellbender:remove-background: Working on chunk (58/175)
cellbender:remove-background: Working on chunk (59/175)
cellbender:remove-background: Working on chunk (60/175)
cellbender:remove-background: Working on chunk (61/175)
cellbender:remove-background: Working on chunk (62/175)
cellbender:remove-background: Working on chunk (63/175)
cellbender:remove-background: Working on chunk (64/175)
cellbender:remove-background: Working on chunk (65/175)
cellbender:remove-background: Working on chunk (66/175)
cellbender:remove-background: Working on chunk (67/175)
cellbender:remove-background: Working on chunk (68/175)
cellbender:remove-background: Working on chunk (69/175)
cellbender:remove-background: Working on chunk (70/175)
cellbender:remove-background: Working on chunk (71/175)
cellbender:remove-background: Working on chunk (72/175)
cellbender:remove-background: Working on chunk (73/175)
cellbender:remove-background: Working on chunk (74/175)
cellbender:remove-background: Working on chunk (75/175)
cellbender:remove-background: Working on chunk (76/175)
cellbender:remove-background: Working on chunk (77/175)
cellbender:remove-background: Working on chunk (78/175)
cellbender:remove-background: Working on chunk (79/175)
cellbender:remove-background: Working on chunk (80/175)
cellbender:remove-background: Working on chunk (81/175)
cellbender:remove-background: Working on chunk (82/175)
cellbender:remove-background: Working on chunk (83/175)
cellbender:remove-background: Working on chunk (84/175)
cellbender:remove-background: Working on chunk (85/175)
cellbender:remove-background: Working on chunk (86/175)
cellbender:remove-background: Working on chunk (87/175)
cellbender:remove-background: Working on chunk (88/175)
cellbender:remove-background: Working on chunk (89/175)
cellbender:remove-background: Working on chunk (90/175)
cellbender:remove-background: Working on chunk (91/175)
cellbender:remove-background: Working on chunk (92/175)
cellbender:remove-background: Working on chunk (93/175)
cellbender:remove-background: Working on chunk (94/175)
cellbender:remove-background: Working on chunk (95/175)
cellbender:remove-background: Working on chunk (96/175)
cellbender:remove-background: Working on chunk (97/175)
cellbender:remove-background: Working on chunk (98/175)
cellbender:remove-background: Working on chunk (99/175)
cellbender:remove-background: Working on chunk (100/175)
cellbender:remove-background: Working on chunk (101/175)
cellbender:remove-background: Working on chunk (102/175)
cellbender:remove-background: Working on chunk (103/175)
cellbender:remove-background: Working on chunk (104/175)
cellbender:remove-background: Working on chunk (105/175)
cellbender:remove-background: Working on chunk (106/175)
cellbender:remove-background: Working on chunk (107/175)
cellbender:remove-background: Working on chunk (108/175)
cellbender:remove-background: Working on chunk (109/175)
cellbender:remove-background: Working on chunk (110/175)
cellbender:remove-background: Working on chunk (111/175)
cellbender:remove-background: Working on chunk (112/175)
cellbender:remove-background: Working on chunk (113/175)
cellbender:remove-background: Working on chunk (114/175)
cellbender:remove-background: Working on chunk (115/175)
cellbender:remove-background: Working on chunk (116/175)
cellbender:remove-background: Working on chunk (117/175)
cellbender:remove-background: Working on chunk (118/175)
cellbender:remove-background: Working on chunk (119/175)
cellbender:remove-background: Working on chunk (120/175)
cellbender:remove-background: Working on chunk (121/175)
cellbender:remove-background: Working on chunk (122/175)
cellbender:remove-background: Working on chunk (123/175)
cellbender:remove-background: Working on chunk (124/175)
cellbender:remove-background: Working on chunk (125/175)
cellbender:remove-background: Working on chunk (126/175)
cellbender:remove-background: Working on chunk (127/175)
cellbender:remove-background: Working on chunk (128/175)
cellbender:remove-background: Working on chunk (129/175)
cellbender:remove-background: Working on chunk (130/175)
cellbender:remove-background: Working on chunk (131/175)
cellbender:remove-background: Working on chunk (132/175)
cellbender:remove-background: Working on chunk (133/175)
cellbender:remove-background: Working on chunk (134/175)
cellbender:remove-background: Working on chunk (135/175)
cellbender:remove-background: Working on chunk (136/175)
cellbender:remove-background: Working on chunk (137/175)
cellbender:remove-background: Working on chunk (138/175)
cellbender:remove-background: Working on chunk (139/175)
cellbender:remove-background: Working on chunk (140/175)
cellbender:remove-background: Working on chunk (141/175)
cellbender:remove-background: Working on chunk (142/175)
cellbender:remove-background: Working on chunk (143/175)
cellbender:remove-background: Working on chunk (144/175)
cellbender:remove-background: Working on chunk (145/175)
cellbender:remove-background: Working on chunk (146/175)
cellbender:remove-background: Working on chunk (147/175)
cellbender:remove-background: Working on chunk (148/175)
cellbender:remove-background: Working on chunk (149/175)
cellbender:remove-background: Working on chunk (150/175)
cellbender:remove-background: Working on chunk (151/175)
cellbender:remove-background: Working on chunk (152/175)
cellbender:remove-background: Working on chunk (153/175)
cellbender:remove-background: Working on chunk (154/175)
cellbender:remove-background: Working on chunk (155/175)
cellbender:remove-background: Working on chunk (156/175)
cellbender:remove-background: Working on chunk (157/175)
cellbender:remove-background: Working on chunk (158/175)
cellbender:remove-background: Working on chunk (159/175)
cellbender:remove-background: Working on chunk (160/175)
cellbender:remove-background: Working on chunk (161/175)
cellbender:remove-background: Working on chunk (162/175)
cellbender:remove-background: Working on chunk (163/175)
cellbender:remove-background: Working on chunk (164/175)
cellbender:remove-background: Working on chunk (165/175)
cellbender:remove-background: Working on chunk (166/175)
cellbender:remove-background: Working on chunk (167/175)
cellbender:remove-background: Working on chunk (168/175)
cellbender:remove-background: Working on chunk (169/175)
cellbender:remove-background: Working on chunk (170/175)
cellbender:remove-background: Working on chunk (171/175)
cellbender:remove-background: Working on chunk (172/175)
cellbender:remove-background: Working on chunk (173/175)
cellbender:remove-background: Working on chunk (174/175)
cellbender:remove-background: Working on chunk (175/175)
cellbender:remove-background: Writing full posterior to cellranger/tak-2/cellbender/cellbender_posterior.h5
cellbender:remove-background: Succeeded in writing posterior to file cellranger/tak-2/cellbender/cellbender_posterior.h5
cellbender:remove-background: Added posterior object to checkpoint file.
cellbender:remove-background: 2024-10-07 08:34:01

cellbender:remove-background: Saved summary plots as cellranger/tak-2/cellbender/cellbender.pdf
cellbender:remove-background: Saved cell barcodes in cellranger/tak-2/cellbender/cellbender_cell_barcodes.csv
cellbender:remove-background: Computing target noise counts per gene for MCKP estimator
cellbender:remove-background: Using MCKP noise targets computed for FPR 0.01
cellbender:remove-background: Computing denoised counts using mckp estimator
cellbender:remove-background: Working on chunk (1/6)
cellbender:remove-background:     [10.31 mins per chunk]
cellbender:remove-background: Working on chunk (2/6)
cellbender:remove-background: Working on chunk (3/6)
cellbender:remove-background: Working on chunk (4/6)
cellbender:remove-background: Working on chunk (5/6)
cellbender:remove-background: Working on chunk (6/6)
cellbender:remove-background: 2024-10-07 09:39:07 Total MCKP estimation time = 3728.96 sec
cellbender:remove-background: Succeeded in writing CellRanger format output to file cellranger/tak-2/cellbender/cellbender.h5
cellbender:remove-background: Succeeded in writing CellRanger format output to file cellranger/tak-2/cellbender/cellbender_filtered.h5
cellbender:remove-background: Saved output metrics as cellranger/tak-2/cellbender/cellbender_metrics.csv
cellbender:remove-background: Succeeded in writing report to cellranger/tak-2/cellbender/cellbender_report.html
cellbender:remove-background: Completed remove-background.
cellbender:remove-background: 2024-10-07 09:41:05

