cellbender:remove-background: Command:
cellbender remove-background --cuda --input cellranger/tak-2/raw_feature_bc_matrix.h5 --output cellranger/tak-2/cellbender/cellbender.h5
cellbender:remove-background: CellBender 0.3.0
cellbender:remove-background: (Workflow hash 5f766e9d1d)
cellbender:remove-background: 2024-10-04 22:59:52
cellbender:remove-background: Running remove-background
cellbender:remove-background: Loading data from cellranger/tak-2/raw_feature_bc_matrix.h5
cellbender:remove-background: CellRanger v3 format
cellbender:remove-background: Features in dataset: 33696 Gene Expression
cellbender:remove-background: Trimming features for inference.
cellbender:remove-background: 29022 features have nonzero counts.
cellbender:remove-background: Prior on counts for cells is 26040
cellbender:remove-background: Prior on counts for empty droplets is 132
cellbender:remove-background: Excluding 10231 features that are estimated to have <= 0.1 background counts in cells.
cellbender:remove-background: Including 18791 features in the analysis.
cellbender:remove-background: Trimming barcodes for inference.
cellbender:remove-background: Excluding barcodes with counts below 66
cellbender:remove-background: Using 9789 probable cell barcodes, plus an additional 30133 barcodes, and 126868 empty droplets.
cellbender:remove-background: Largest surely-empty droplet has 213 UMI counts.
cellbender:remove-background: Attempting to unpack tarball "ckpt.tar.gz" to /tmp/tmpmh4dn8jw
cellbender:remove-background: Successfully unpacked tarball to /tmp/tmpmh4dn8jw
/tmp/tmpmh4dn8jw/af3713925c_optim.torch
/tmp/tmpmh4dn8jw/af3713925c_optim.pyro
/tmp/tmpmh4dn8jw/af3713925c_model.torch
/tmp/tmpmh4dn8jw/af3713925c_args.npy
/tmp/tmpmh4dn8jw/af3713925c_params.pyro
/tmp/tmpmh4dn8jw/af3713925c_random.pyro
/tmp/tmpmh4dn8jw/af3713925c_test.loaderstate
/tmp/tmpmh4dn8jw/af3713925c_random.cuda
/tmp/tmpmh4dn8jw/af3713925c_train.loaderstate
/tmp/tmpmh4dn8jw/posterior.h5
cellbender:remove-background: Workflow hash does not match that of checkpoint.
cellbender:remove-background: No checkpoint loaded.
cellbender:remove-background: Running inference...
cellbender:remove-background: [epoch 001]  average training loss: 22961.3245
cellbender:remove-background: [epoch 002]  average training loss: 12527.4538  (11.4 seconds per epoch)
cellbender:remove-background: Will checkpoint every 37 epochs
cellbender:remove-background: [epoch 003]  average training loss: 8243.6520
cellbender:remove-background: [epoch 004]  average training loss: 7903.6723
cellbender:remove-background: [epoch 005]  average training loss: 7780.2749
cellbender:remove-background: [epoch 005] average test loss: 7843.3092
cellbender:remove-background: [epoch 006]  average training loss: 7732.3379
cellbender:remove-background: [epoch 007]  average training loss: 7720.0277
cellbender:remove-background: [epoch 008]  average training loss: 7646.2648
cellbender:remove-background: [epoch 009]  average training loss: 7666.6366
cellbender:remove-background: [epoch 010]  average training loss: 7471.7264
cellbender:remove-background: [epoch 010] average test loss: 8195.9158
cellbender:remove-background: [epoch 011]  average training loss: 7231.6913
cellbender:remove-background: [epoch 012]  average training loss: 7140.9197
cellbender:remove-background: [epoch 013]  average training loss: 7103.6004
cellbender:remove-background: [epoch 014]  average training loss: 7040.3852
cellbender:remove-background: [epoch 015]  average training loss: 7013.8797
cellbender:remove-background: [epoch 015] average test loss: 7060.3338
cellbender:remove-background: [epoch 016]  average training loss: 6984.6207
cellbender:remove-background: [epoch 017]  average training loss: 6964.1089
cellbender:remove-background: [epoch 018]  average training loss: 6935.5543
cellbender:remove-background: [epoch 019]  average training loss: 6906.1581
cellbender:remove-background: [epoch 020]  average training loss: 6870.0504
cellbender:remove-background: [epoch 020] average test loss: 6926.6332
cellbender:remove-background: [epoch 021]  average training loss: 6835.9265
cellbender:remove-background: [epoch 022]  average training loss: 6774.8902
cellbender:remove-background: [epoch 023]  average training loss: 6713.2602
cellbender:remove-background: [epoch 024]  average training loss: 6641.2925
cellbender:remove-background: [epoch 025]  average training loss: 6601.9176
cellbender:remove-background: [epoch 025] average test loss: 6652.0804
cellbender:remove-background: [epoch 026]  average training loss: 6560.4091
cellbender:remove-background: [epoch 027]  average training loss: 6543.4593
cellbender:remove-background: [epoch 028]  average training loss: 6526.7781
cellbender:remove-background: [epoch 029]  average training loss: 6503.4646
cellbender:remove-background: [epoch 030]  average training loss: 6483.4214
cellbender:remove-background: [epoch 030] average test loss: 6571.9573
cellbender:remove-background: [epoch 031]  average training loss: 6472.8813
cellbender:remove-background: [epoch 032]  average training loss: 6459.2158
cellbender:remove-background: [epoch 033]  average training loss: 6449.2154
cellbender:remove-background: [epoch 034]  average training loss: 6438.4589
cellbender:remove-background: [epoch 035]  average training loss: 6432.2849
cellbender:remove-background: [epoch 035] average test loss: 6554.8849
cellbender:remove-background: [epoch 036]  average training loss: 6421.4543
cellbender:remove-background: [epoch 037]  average training loss: 6406.3315
cellbender:remove-background: Saving a checkpoint...
cellbender:remove-background: Saved checkpoint as /data/ckpt.tar.gz
cellbender:remove-background: [epoch 038]  average training loss: 6402.7929
cellbender:remove-background: [epoch 039]  average training loss: 6392.3404
cellbender:remove-background: [epoch 040]  average training loss: 6386.2457
cellbender:remove-background: [epoch 040] average test loss: 6453.6994
cellbender:remove-background: [epoch 041]  average training loss: 6373.2983
cellbender:remove-background: [epoch 042]  average training loss: 6372.1262
cellbender:remove-background: [epoch 043]  average training loss: 6366.0844
cellbender:remove-background: [epoch 044]  average training loss: 6363.5865
cellbender:remove-background: [epoch 045]  average training loss: 6353.8425
cellbender:remove-background: [epoch 045] average test loss: 6468.9372
cellbender:remove-background: [epoch 046]  average training loss: 6351.5281
cellbender:remove-background: [epoch 047]  average training loss: 6340.9054
cellbender:remove-background: [epoch 048]  average training loss: 6336.9952
cellbender:remove-background: [epoch 049]  average training loss: 6340.3691
cellbender:remove-background: [epoch 050]  average training loss: 6322.8691
cellbender:remove-background: [epoch 050] average test loss: 6430.3650
cellbender:remove-background: [epoch 051]  average training loss: 6329.2279
cellbender:remove-background: [epoch 052]  average training loss: 6314.4637
cellbender:remove-background: [epoch 053]  average training loss: 6314.5487
cellbender:remove-background: [epoch 054]  average training loss: 6297.8340
cellbender:remove-background: [epoch 055]  average training loss: 6305.3283
cellbender:remove-background: [epoch 055] average test loss: 6392.6184
cellbender:remove-background: [epoch 056]  average training loss: 6295.2955
cellbender:remove-background: [epoch 057]  average training loss: 6307.5188
cellbender:remove-background: [epoch 058]  average training loss: 6303.9862
cellbender:remove-background: [epoch 059]  average training loss: 6292.2750
cellbender:remove-background: [epoch 060]  average training loss: 6289.8893
cellbender:remove-background: [epoch 060] average test loss: 6438.9827
cellbender:remove-background: [epoch 061]  average training loss: 6292.9857
cellbender:remove-background: [epoch 062]  average training loss: 6298.1853
cellbender:remove-background: [epoch 063]  average training loss: 6284.9790
cellbender:remove-background: [epoch 064]  average training loss: 6292.8843
cellbender:remove-background: [epoch 065]  average training loss: 6275.3167
cellbender:remove-background: [epoch 065] average test loss: 6370.4092
cellbender:remove-background: [epoch 066]  average training loss: 6278.3190
cellbender:remove-background: [epoch 067]  average training loss: 6273.9629
cellbender:remove-background: [epoch 068]  average training loss: 6281.3316
cellbender:remove-background: [epoch 069]  average training loss: 6278.5839
cellbender:remove-background: [epoch 070]  average training loss: 6292.9196
cellbender:remove-background: [epoch 070] average test loss: 6400.3405
cellbender:remove-background: [epoch 071]  average training loss: 6274.9348
cellbender:remove-background: [epoch 072]  average training loss: 6271.9229
cellbender:remove-background: [epoch 073]  average training loss: 6292.9066
cellbender:remove-background: [epoch 074]  average training loss: 6296.0947
cellbender:remove-background: Saving a checkpoint...
cellbender:remove-background: Saved checkpoint as /data/ckpt.tar.gz
cellbender:remove-background: [epoch 075]  average training loss: 6296.6101
cellbender:remove-background: [epoch 075] average test loss: 6444.2142
cellbender:remove-background: [epoch 076]  average training loss: 6345.4838
cellbender:remove-background: [epoch 077]  average training loss: 6303.2382
cellbender:remove-background: [epoch 078]  average training loss: 6416.7089
cellbender:remove-background: [epoch 079]  average training loss: 6397.4621
cellbender:remove-background: [epoch 080]  average training loss: 6355.5196
cellbender:remove-background: [epoch 080] average test loss: 6448.5920
cellbender:remove-background: [epoch 081]  average training loss: 6300.1366
cellbender:remove-background: [epoch 082]  average training loss: 6335.0592
cellbender:remove-background: [epoch 083]  average training loss: 6348.0560
cellbender:remove-background: [epoch 084]  average training loss: 6292.9778
cellbender:remove-background: [epoch 085]  average training loss: 6305.2341
cellbender:remove-background: [epoch 085] average test loss: 6403.5885
cellbender:remove-background: [epoch 086]  average training loss: 6340.1491
cellbender:remove-background: [epoch 087]  average training loss: 6286.7336
cellbender:remove-background: [epoch 088]  average training loss: 6422.7699
cellbender:remove-background: [epoch 089]  average training loss: 6391.1532
cellbender:remove-background: [epoch 090]  average training loss: 6414.4713
cellbender:remove-background: [epoch 090] average test loss: 6374.8453
cellbender:remove-background: [epoch 091]  average training loss: 6435.9784
cellbender:remove-background: [epoch 092]  average training loss: 6463.3975
cellbender:remove-background: [epoch 093]  average training loss: 6424.2819
cellbender:remove-background: [epoch 094]  average training loss: 6526.7509
cellbender:remove-background: [epoch 095]  average training loss: 6459.0916
cellbender:remove-background: [epoch 095] average test loss: 6441.4220
cellbender:remove-background: [epoch 096]  average training loss: 6543.3059
cellbender:remove-background: [epoch 097]  average training loss: 6401.4481
cellbender:remove-background: [epoch 098]  average training loss: 6480.9798
cellbender:remove-background: [epoch 099]  average training loss: 6425.2951
cellbender:remove-background: [epoch 100]  average training loss: 6526.8579
cellbender:remove-background: [epoch 100] average test loss: 6431.4356
cellbender:remove-background: [epoch 101]  average training loss: 6387.8407
cellbender:remove-background: [epoch 102]  average training loss: 6593.4156
cellbender:remove-background: [epoch 103]  average training loss: 6501.2130
cellbender:remove-background: [epoch 104]  average training loss: 6449.4662
cellbender:remove-background: [epoch 105]  average training loss: 6536.4099
cellbender:remove-background: [epoch 105] average test loss: 6711.9623
cellbender:remove-background: [epoch 106]  average training loss: 6474.4212
cellbender:remove-background: [epoch 107]  average training loss: 6459.7084
cellbender:remove-background: [epoch 108]  average training loss: 6611.0436
cellbender:remove-background: [epoch 109]  average training loss: 6573.3133
cellbender:remove-background: [epoch 110]  average training loss: 6505.1949
cellbender:remove-background: [epoch 110] average test loss: 6706.0124
cellbender:remove-background: [epoch 111]  average training loss: 6518.6460
cellbender:remove-background: Saving a checkpoint...
cellbender:remove-background: Saved checkpoint as /data/ckpt.tar.gz
cellbender:remove-background: [epoch 112]  average training loss: 6422.0817
cellbender:remove-background: [epoch 113]  average training loss: 6461.1756
cellbender:remove-background: [epoch 114]  average training loss: 6454.6009
cellbender:remove-background: [epoch 115]  average training loss: 6469.6871
cellbender:remove-background: [epoch 115] average test loss: 6957.1104
cellbender:remove-background: [epoch 116]  average training loss: 6640.1831
cellbender:remove-background: [epoch 117]  average training loss: 6578.3647
cellbender:remove-background: [epoch 118]  average training loss: 6662.1695
cellbender:remove-background: [epoch 119]  average training loss: 6581.2914
cellbender:remove-background: [epoch 120]  average training loss: 6591.5409
cellbender:remove-background: [epoch 120] average test loss: 6757.9867
cellbender:remove-background: [epoch 121]  average training loss: 6570.5740
cellbender:remove-background: [epoch 122]  average training loss: 6391.9939
cellbender:remove-background: [epoch 123]  average training loss: 6759.0916
cellbender:remove-background: [epoch 124]  average training loss: 6566.2959
cellbender:remove-background: [epoch 125]  average training loss: 6628.1971
cellbender:remove-background: [epoch 125] average test loss: 6919.9383
cellbender:remove-background: [epoch 126]  average training loss: 6670.1373
cellbender:remove-background: [epoch 127]  average training loss: 6545.6448
cellbender:remove-background: [epoch 128]  average training loss: 6457.9672
cellbender:remove-background: [epoch 129]  average training loss: 6565.9525
cellbender:remove-background: [epoch 130]  average training loss: 6549.1106
cellbender:remove-background: [epoch 130] average test loss: 6544.7239
cellbender:remove-background: [epoch 131]  average training loss: 6516.5888
cellbender:remove-background: [epoch 132]  average training loss: 6600.4957
cellbender:remove-background: [epoch 133]  average training loss: 6578.8062
cellbender:remove-background: [epoch 134]  average training loss: 6686.4436
cellbender:remove-background: [epoch 135]  average training loss: 6593.2173
cellbender:remove-background: [epoch 135] average test loss: 6863.8700
cellbender:remove-background: [epoch 136]  average training loss: 6599.3743
cellbender:remove-background: [epoch 137]  average training loss: 6552.7111
cellbender:remove-background: [epoch 138]  average training loss: 6494.2220
cellbender:remove-background: [epoch 139]  average training loss: 6448.1356
cellbender:remove-background: [epoch 140]  average training loss: 6548.1256
cellbender:remove-background: [epoch 140] average test loss: 6840.0883
cellbender:remove-background: [epoch 141]  average training loss: 6663.5868
cellbender:remove-background: [epoch 142]  average training loss: 6578.6123
cellbender:remove-background: [epoch 143]  average training loss: 6493.1511
cellbender:remove-background: [epoch 144]  average training loss: 6548.1060
cellbender:remove-background: [epoch 145]  average training loss: 6587.6628
cellbender:remove-background: [epoch 145] average test loss: 6476.2172
cellbender:remove-background: [epoch 146]  average training loss: 6602.7610
cellbender:remove-background: [epoch 147]  average training loss: 6552.0115
cellbender:remove-background: [epoch 148]  average training loss: 6451.1051
cellbender:remove-background: Saving a checkpoint...
cellbender:remove-background: Saved checkpoint as /data/ckpt.tar.gz
cellbender:remove-background: [epoch 149]  average training loss: 6502.8957
cellbender:remove-background: [epoch 150]  average training loss: 6671.4378
cellbender:remove-background: [epoch 150] average test loss: 6607.3414
cellbender:remove-background: Saving a checkpoint...
cellbender:remove-background: Saved checkpoint as /data/ckpt.tar.gz
cellbender:remove-background: 2024-10-04 23:35:09
cellbender:remove-background: Inference procedure complete.
cellbender:remove-background: Attempting to unpack tarball "ckpt.tar.gz" to /tmp/tmptlil7cf1
cellbender:remove-background: Successfully unpacked tarball to /tmp/tmptlil7cf1
/tmp/tmptlil7cf1/5f766e9d1d_model.torch
/tmp/tmptlil7cf1/5f766e9d1d_random.pyro
/tmp/tmptlil7cf1/5f766e9d1d_optim.pyro
/tmp/tmptlil7cf1/5f766e9d1d_params.pyro
/tmp/tmptlil7cf1/5f766e9d1d_random.cuda
/tmp/tmptlil7cf1/5f766e9d1d_train.loaderstate
/tmp/tmptlil7cf1/5f766e9d1d_optim.torch
/tmp/tmptlil7cf1/5f766e9d1d_args.npy
/tmp/tmptlil7cf1/5f766e9d1d_test.loaderstate
cellbender:remove-background: Posterior not currently included in checkpoint.
cellbender:remove-background: Computing posterior noise count probabilities in mini-batches.
cellbender:remove-background: Working on chunk (1/201)
cellbender:remove-background:     [0.03 mins per chunk]
cellbender:remove-background: Working on chunk (2/201)
cellbender:remove-background: Working on chunk (3/201)
cellbender:remove-background: Working on chunk (4/201)
cellbender:remove-background: Working on chunk (5/201)
cellbender:remove-background: Working on chunk (6/201)
cellbender:remove-background: Working on chunk (7/201)
cellbender:remove-background: Working on chunk (8/201)
cellbender:remove-background: Working on chunk (9/201)
cellbender:remove-background: Working on chunk (10/201)
cellbender:remove-background: Working on chunk (11/201)
cellbender:remove-background: Working on chunk (12/201)
cellbender:remove-background: Working on chunk (13/201)
cellbender:remove-background: Working on chunk (14/201)
cellbender:remove-background: Working on chunk (15/201)
cellbender:remove-background: Working on chunk (16/201)
cellbender:remove-background: Working on chunk (17/201)
cellbender:remove-background: Working on chunk (18/201)
cellbender:remove-background: Working on chunk (19/201)
cellbender:remove-background: Working on chunk (20/201)
cellbender:remove-background: Working on chunk (21/201)
cellbender:remove-background: Working on chunk (22/201)
cellbender:remove-background: Working on chunk (23/201)
cellbender:remove-background: Working on chunk (24/201)
cellbender:remove-background: Working on chunk (25/201)
cellbender:remove-background: Working on chunk (26/201)
cellbender:remove-background: Working on chunk (27/201)
cellbender:remove-background: Working on chunk (28/201)
cellbender:remove-background: Working on chunk (29/201)
cellbender:remove-background: Working on chunk (30/201)
cellbender:remove-background: Working on chunk (31/201)
cellbender:remove-background: Working on chunk (32/201)
cellbender:remove-background: Working on chunk (33/201)
cellbender:remove-background: Working on chunk (34/201)
cellbender:remove-background: Working on chunk (35/201)
cellbender:remove-background: Working on chunk (36/201)
cellbender:remove-background: Working on chunk (37/201)
cellbender:remove-background: Working on chunk (38/201)
cellbender:remove-background: Working on chunk (39/201)
cellbender:remove-background: Working on chunk (40/201)
cellbender:remove-background: Working on chunk (41/201)
cellbender:remove-background: Working on chunk (42/201)
cellbender:remove-background: Working on chunk (43/201)
cellbender:remove-background: Working on chunk (44/201)
cellbender:remove-background: Working on chunk (45/201)
cellbender:remove-background: Working on chunk (46/201)
cellbender:remove-background: Working on chunk (47/201)
cellbender:remove-background: Working on chunk (48/201)
cellbender:remove-background: Working on chunk (49/201)
cellbender:remove-background: Working on chunk (50/201)
cellbender:remove-background: Working on chunk (51/201)
cellbender:remove-background: Working on chunk (52/201)
cellbender:remove-background: Working on chunk (53/201)
cellbender:remove-background: Working on chunk (54/201)
cellbender:remove-background: Working on chunk (55/201)
cellbender:remove-background: Working on chunk (56/201)
cellbender:remove-background: Working on chunk (57/201)
cellbender:remove-background: Working on chunk (58/201)
cellbender:remove-background: Working on chunk (59/201)
cellbender:remove-background: Working on chunk (60/201)
cellbender:remove-background: Working on chunk (61/201)
cellbender:remove-background: Working on chunk (62/201)
cellbender:remove-background: Working on chunk (63/201)
cellbender:remove-background: Working on chunk (64/201)
cellbender:remove-background: Working on chunk (65/201)
cellbender:remove-background: Working on chunk (66/201)
cellbender:remove-background: Working on chunk (67/201)
cellbender:remove-background: Working on chunk (68/201)
cellbender:remove-background: Working on chunk (69/201)
cellbender:remove-background: Working on chunk (70/201)
cellbender:remove-background: Working on chunk (71/201)
cellbender:remove-background: Working on chunk (72/201)
cellbender:remove-background: Working on chunk (73/201)
cellbender:remove-background: Working on chunk (74/201)
cellbender:remove-background: Working on chunk (75/201)
cellbender:remove-background: Working on chunk (76/201)
cellbender:remove-background: Working on chunk (77/201)
cellbender:remove-background: Working on chunk (78/201)
cellbender:remove-background: Working on chunk (79/201)
cellbender:remove-background: Working on chunk (80/201)
cellbender:remove-background: Working on chunk (81/201)
cellbender:remove-background: Working on chunk (82/201)
cellbender:remove-background: Working on chunk (83/201)
cellbender:remove-background: Working on chunk (84/201)
cellbender:remove-background: Working on chunk (85/201)
cellbender:remove-background: Working on chunk (86/201)
cellbender:remove-background: Working on chunk (87/201)
cellbender:remove-background: Working on chunk (88/201)
cellbender:remove-background: Working on chunk (89/201)
cellbender:remove-background: Working on chunk (90/201)
cellbender:remove-background: Working on chunk (91/201)
cellbender:remove-background: Working on chunk (92/201)
cellbender:remove-background: Working on chunk (93/201)
cellbender:remove-background: Working on chunk (94/201)
cellbender:remove-background: Working on chunk (95/201)
cellbender:remove-background: Working on chunk (96/201)
cellbender:remove-background: Working on chunk (97/201)
cellbender:remove-background: Working on chunk (98/201)
cellbender:remove-background: Working on chunk (99/201)
cellbender:remove-background: Working on chunk (100/201)
cellbender:remove-background: Working on chunk (101/201)
cellbender:remove-background: Working on chunk (102/201)
cellbender:remove-background: Working on chunk (103/201)
cellbender:remove-background: Working on chunk (104/201)
cellbender:remove-background: Working on chunk (105/201)
cellbender:remove-background: Working on chunk (106/201)
cellbender:remove-background: Working on chunk (107/201)
cellbender:remove-background: Working on chunk (108/201)
cellbender:remove-background: Working on chunk (109/201)
cellbender:remove-background: Working on chunk (110/201)
cellbender:remove-background: Working on chunk (111/201)
cellbender:remove-background: Working on chunk (112/201)
cellbender:remove-background: Working on chunk (113/201)
cellbender:remove-background: Working on chunk (114/201)
cellbender:remove-background: Working on chunk (115/201)
cellbender:remove-background: Working on chunk (116/201)
cellbender:remove-background: Working on chunk (117/201)
cellbender:remove-background: Working on chunk (118/201)
cellbender:remove-background: Working on chunk (119/201)
cellbender:remove-background: Working on chunk (120/201)
cellbender:remove-background: Working on chunk (121/201)
cellbender:remove-background: Working on chunk (122/201)
cellbender:remove-background: Working on chunk (123/201)
cellbender:remove-background: Working on chunk (124/201)
cellbender:remove-background: Working on chunk (125/201)
cellbender:remove-background: Working on chunk (126/201)
cellbender:remove-background: Working on chunk (127/201)
cellbender:remove-background: Working on chunk (128/201)
cellbender:remove-background: Working on chunk (129/201)
cellbender:remove-background: Working on chunk (130/201)
cellbender:remove-background: Working on chunk (131/201)
cellbender:remove-background: Working on chunk (132/201)
cellbender:remove-background: Working on chunk (133/201)
cellbender:remove-background: Working on chunk (134/201)
cellbender:remove-background: Working on chunk (135/201)
cellbender:remove-background: Working on chunk (136/201)
cellbender:remove-background: Working on chunk (137/201)
cellbender:remove-background: Working on chunk (138/201)
cellbender:remove-background: Working on chunk (139/201)
cellbender:remove-background: Working on chunk (140/201)
cellbender:remove-background: Working on chunk (141/201)
cellbender:remove-background: Working on chunk (142/201)
cellbender:remove-background: Working on chunk (143/201)
cellbender:remove-background: Working on chunk (144/201)
cellbender:remove-background: Working on chunk (145/201)
cellbender:remove-background: Working on chunk (146/201)
cellbender:remove-background: Working on chunk (147/201)
cellbender:remove-background: Working on chunk (148/201)
cellbender:remove-background: Working on chunk (149/201)
cellbender:remove-background: Working on chunk (150/201)
cellbender:remove-background: Working on chunk (151/201)
cellbender:remove-background: Working on chunk (152/201)
cellbender:remove-background: Working on chunk (153/201)
cellbender:remove-background: Working on chunk (154/201)
cellbender:remove-background: Working on chunk (155/201)
cellbender:remove-background: Working on chunk (156/201)
cellbender:remove-background: Working on chunk (157/201)
cellbender:remove-background: Working on chunk (158/201)
cellbender:remove-background: Working on chunk (159/201)
cellbender:remove-background: Working on chunk (160/201)
cellbender:remove-background: Working on chunk (161/201)
cellbender:remove-background: Working on chunk (162/201)
cellbender:remove-background: Working on chunk (163/201)
cellbender:remove-background: Working on chunk (164/201)
cellbender:remove-background: Working on chunk (165/201)
cellbender:remove-background: Working on chunk (166/201)
cellbender:remove-background: Working on chunk (167/201)
cellbender:remove-background: Working on chunk (168/201)
cellbender:remove-background: Working on chunk (169/201)
cellbender:remove-background: Working on chunk (170/201)
cellbender:remove-background: Working on chunk (171/201)
cellbender:remove-background: Working on chunk (172/201)
cellbender:remove-background: Working on chunk (173/201)
cellbender:remove-background: Working on chunk (174/201)
cellbender:remove-background: Working on chunk (175/201)
cellbender:remove-background: Working on chunk (176/201)
cellbender:remove-background: Working on chunk (177/201)
cellbender:remove-background: Working on chunk (178/201)
cellbender:remove-background: Working on chunk (179/201)
cellbender:remove-background: Working on chunk (180/201)
cellbender:remove-background: Working on chunk (181/201)
cellbender:remove-background: Working on chunk (182/201)
cellbender:remove-background: Working on chunk (183/201)
cellbender:remove-background: Working on chunk (184/201)
cellbender:remove-background: Working on chunk (185/201)
cellbender:remove-background: Working on chunk (186/201)
cellbender:remove-background: Working on chunk (187/201)
cellbender:remove-background: Working on chunk (188/201)
cellbender:remove-background: Working on chunk (189/201)
cellbender:remove-background: Working on chunk (190/201)
cellbender:remove-background: Working on chunk (191/201)
cellbender:remove-background: Working on chunk (192/201)
cellbender:remove-background: Working on chunk (193/201)
cellbender:remove-background: Working on chunk (194/201)
cellbender:remove-background: Working on chunk (195/201)
cellbender:remove-background: Working on chunk (196/201)
cellbender:remove-background: Working on chunk (197/201)
cellbender:remove-background: Working on chunk (198/201)
cellbender:remove-background: Working on chunk (199/201)
cellbender:remove-background: Working on chunk (200/201)
cellbender:remove-background: Working on chunk (201/201)
cellbender:remove-background: Writing full posterior to cellranger/tak-2/cellbender/cellbender_posterior.h5
cellbender:remove-background: Succeeded in writing posterior to file cellranger/tak-2/cellbender/cellbender_posterior.h5
cellbender:remove-background: Added posterior object to checkpoint file.
cellbender:remove-background: 2024-10-04 23:49:06

cellbender:remove-background: Saved summary plots as cellranger/tak-2/cellbender/cellbender.pdf
cellbender:remove-background: Saved cell barcodes in cellranger/tak-2/cellbender/cellbender_cell_barcodes.csv
cellbender:remove-background: Computing target noise counts per gene for MCKP estimator
cellbender:remove-background: Using MCKP noise targets computed for FPR 0.01
cellbender:remove-background: Computing denoised counts using mckp estimator
cellbender:remove-background: Working on chunk (1/6)
cellbender:remove-background:     [10.42 mins per chunk]
cellbender:remove-background: Working on chunk (2/6)
cellbender:remove-background: Working on chunk (3/6)
cellbender:remove-background: Working on chunk (4/6)
cellbender:remove-background: Working on chunk (5/6)
cellbender:remove-background: Working on chunk (6/6)
cellbender:remove-background: 2024-10-05 00:54:44 Total MCKP estimation time = 3757.74 sec
cellbender:remove-background: Succeeded in writing CellRanger format output to file cellranger/tak-2/cellbender/cellbender.h5
cellbender:remove-background: Succeeded in writing CellRanger format output to file cellranger/tak-2/cellbender/cellbender_filtered.h5
cellbender:remove-background: Saved output metrics as cellranger/tak-2/cellbender/cellbender_metrics.csv
cellbender:remove-background: Succeeded in writing report to cellranger/tak-2/cellbender/cellbender_report.html
cellbender:remove-background: Completed remove-background.
cellbender:remove-background: 2024-10-05 00:56:41

