cellbender:remove-background: Command:
cellbender remove-background --cuda --input cellranger/tak-1/raw_feature_bc_matrix.h5 --output cellranger/tak-1/cellbender/cellbender.h5 --epochs 200 --learning-rate 0.00001
cellbender:remove-background: CellBender 0.3.0
cellbender:remove-background: (Workflow hash 666eab7275)
cellbender:remove-background: 2024-10-05 13:59:08
cellbender:remove-background: Running remove-background
cellbender:remove-background: Loading data from cellranger/tak-1/raw_feature_bc_matrix.h5
cellbender:remove-background: CellRanger v3 format
cellbender:remove-background: Features in dataset: 33696 Gene Expression
cellbender:remove-background: Trimming features for inference.
cellbender:remove-background: 29451 features have nonzero counts.
cellbender:remove-background: Prior on counts for cells is 17235
cellbender:remove-background: Prior on counts for empty droplets is 198
cellbender:remove-background: Excluding 10885 features that are estimated to have <= 0.1 background counts in cells.
cellbender:remove-background: Including 18566 features in the analysis.
cellbender:remove-background: Trimming barcodes for inference.
cellbender:remove-background: Excluding barcodes with counts below 99
cellbender:remove-background: Using 12280 probable cell barcodes, plus an additional 34866 barcodes, and 122302 empty droplets.
cellbender:remove-background: Largest surely-empty droplet has 322 UMI counts.
cellbender:remove-background: Attempting to unpack tarball "ckpt.tar.gz" to /tmp/tmplbmjpegc
cellbender:remove-background: Successfully unpacked tarball to /tmp/tmplbmjpegc
/tmp/tmplbmjpegc/3b703435e3_params.pyro
/tmp/tmplbmjpegc/3b703435e3_args.npy
/tmp/tmplbmjpegc/3b703435e3_random.cuda
/tmp/tmplbmjpegc/3b703435e3_train.loaderstate
/tmp/tmplbmjpegc/3b703435e3_model.torch
/tmp/tmplbmjpegc/3b703435e3_random.pyro
/tmp/tmplbmjpegc/3b703435e3_test.loaderstate
/tmp/tmplbmjpegc/3b703435e3_optim.torch
/tmp/tmplbmjpegc/3b703435e3_optim.pyro
/tmp/tmplbmjpegc/posterior.h5
cellbender:remove-background: Workflow hash does not match that of checkpoint.
cellbender:remove-background: No checkpoint loaded.
cellbender:remove-background: Running inference...
cellbender:remove-background: [epoch 001]  average training loss: 24807.4991
cellbender:remove-background: [epoch 002]  average training loss: 22334.9025  (13.3 seconds per epoch)
cellbender:remove-background: Will checkpoint every 32 epochs
cellbender:remove-background: [epoch 003]  average training loss: 21218.9854
cellbender:remove-background: [epoch 004]  average training loss: 18755.0368
cellbender:remove-background: [epoch 005]  average training loss: 16933.2475
cellbender:remove-background: [epoch 005] average test loss: 15160.3720
cellbender:remove-background: [epoch 006]  average training loss: 15361.6945
cellbender:remove-background: [epoch 007]  average training loss: 13650.2502
cellbender:remove-background: [epoch 008]  average training loss: 12539.5032
cellbender:remove-background: [epoch 009]  average training loss: 11249.0039
cellbender:remove-background: [epoch 010]  average training loss: 10583.9383
cellbender:remove-background: [epoch 010] average test loss: 10782.5025
cellbender:remove-background: [epoch 011]  average training loss: 9987.4873
cellbender:remove-background: [epoch 012]  average training loss: 9582.0398
cellbender:remove-background: [epoch 013]  average training loss: 9420.6280
cellbender:remove-background: [epoch 014]  average training loss: 9355.4054
cellbender:remove-background: [epoch 015]  average training loss: 9329.4041
cellbender:remove-background: [epoch 015] average test loss: 9441.3057
cellbender:remove-background: [epoch 016]  average training loss: 9316.5898
cellbender:remove-background: [epoch 017]  average training loss: 9177.9716
cellbender:remove-background: [epoch 018]  average training loss: 9162.6295
cellbender:remove-background: [epoch 019]  average training loss: 9104.2444
cellbender:remove-background: [epoch 020]  average training loss: 9144.5017
cellbender:remove-background: [epoch 020] average test loss: 9040.5044
cellbender:remove-background: [epoch 021]  average training loss: 9020.8545
cellbender:remove-background: [epoch 022]  average training loss: 9035.7838
cellbender:remove-background: [epoch 023]  average training loss: 8976.9413
cellbender:remove-background: [epoch 024]  average training loss: 8966.1900
cellbender:remove-background: [epoch 025]  average training loss: 8905.8201
cellbender:remove-background: [epoch 025] average test loss: 9059.9880
cellbender:remove-background: [epoch 026]  average training loss: 8928.5848
cellbender:remove-background: [epoch 027]  average training loss: 8779.7319
cellbender:remove-background: [epoch 028]  average training loss: 8741.1832
cellbender:remove-background: [epoch 029]  average training loss: 8588.2416
cellbender:remove-background: [epoch 030]  average training loss: 8479.1229
cellbender:remove-background: [epoch 030] average test loss: 8414.5557
cellbender:remove-background: [epoch 031]  average training loss: 8399.0129
cellbender:remove-background: [epoch 032]  average training loss: 8322.9297
cellbender:remove-background: Saving a checkpoint...
cellbender:remove-background: Saved checkpoint as /data/ckpt.tar.gz
cellbender:remove-background: [epoch 033]  average training loss: 8300.5926
cellbender:remove-background: [epoch 034]  average training loss: 8257.7538
cellbender:remove-background: [epoch 035]  average training loss: 8215.0802
cellbender:remove-background: [epoch 035] average test loss: 8273.3411
cellbender:remove-background: [epoch 036]  average training loss: 8215.9347
cellbender:remove-background: [epoch 037]  average training loss: 8252.7726
cellbender:remove-background: [epoch 038]  average training loss: 8214.7932
cellbender:remove-background: [epoch 039]  average training loss: 8220.0657
cellbender:remove-background: [epoch 040]  average training loss: 8165.6371
cellbender:remove-background: [epoch 040] average test loss: 8063.8137
cellbender:remove-background: [epoch 041]  average training loss: 8175.2788
cellbender:remove-background: [epoch 042]  average training loss: 8093.8534
cellbender:remove-background: [epoch 043]  average training loss: 8102.3391
cellbender:remove-background: [epoch 044]  average training loss: 8072.3315
cellbender:remove-background: [epoch 045]  average training loss: 8048.3625
cellbender:remove-background: [epoch 045] average test loss: 8101.7071
cellbender:remove-background: [epoch 046]  average training loss: 8035.6637
cellbender:remove-background: [epoch 047]  average training loss: 8008.9733
cellbender:remove-background: [epoch 048]  average training loss: 8024.0001
cellbender:remove-background: [epoch 049]  average training loss: 7977.4020
cellbender:remove-background: [epoch 050]  average training loss: 7993.2815
cellbender:remove-background: [epoch 050] average test loss: 7871.4036
cellbender:remove-background: [epoch 051]  average training loss: 7936.1698
cellbender:remove-background: [epoch 052]  average training loss: 7920.3845
cellbender:remove-background: [epoch 053]  average training loss: 7906.3445
cellbender:remove-background: [epoch 054]  average training loss: 7880.3600
cellbender:remove-background: [epoch 055]  average training loss: 7885.4783
cellbender:remove-background: [epoch 055] average test loss: 7859.0275
cellbender:remove-background: [epoch 056]  average training loss: 7849.1107
cellbender:remove-background: [epoch 057]  average training loss: 7831.8498
cellbender:remove-background: [epoch 058]  average training loss: 7819.8589
cellbender:remove-background: [epoch 059]  average training loss: 7802.2326
cellbender:remove-background: [epoch 060]  average training loss: 7785.6887
cellbender:remove-background: [epoch 060] average test loss: 7750.2045
cellbender:remove-background: [epoch 061]  average training loss: 7760.0404
cellbender:remove-background: [epoch 062]  average training loss: 7746.1588
cellbender:remove-background: [epoch 063]  average training loss: 7711.6423
cellbender:remove-background: [epoch 064]  average training loss: 7697.3805
cellbender:remove-background: Saving a checkpoint...
cellbender:remove-background: Saved checkpoint as /data/ckpt.tar.gz
cellbender:remove-background: [epoch 065]  average training loss: 7671.4069
cellbender:remove-background: [epoch 065] average test loss: 7646.2369
cellbender:remove-background: [epoch 066]  average training loss: 7651.3923
cellbender:remove-background: [epoch 067]  average training loss: 7621.4371
cellbender:remove-background: [epoch 068]  average training loss: 7623.1594
cellbender:remove-background: [epoch 069]  average training loss: 7619.3099
cellbender:remove-background: [epoch 070]  average training loss: 7604.5506
cellbender:remove-background: [epoch 070] average test loss: 7593.4172
cellbender:remove-background: [epoch 071]  average training loss: 7605.0105
cellbender:remove-background: [epoch 072]  average training loss: 7583.0559
cellbender:remove-background: [epoch 073]  average training loss: 7588.0368
cellbender:remove-background: [epoch 074]  average training loss: 7558.1649
cellbender:remove-background: [epoch 075]  average training loss: 7557.7800
cellbender:remove-background: [epoch 075] average test loss: 7539.5485
cellbender:remove-background: [epoch 076]  average training loss: 7544.2860
cellbender:remove-background: [epoch 077]  average training loss: 7537.2252
cellbender:remove-background: [epoch 078]  average training loss: 7537.0763
cellbender:remove-background: [epoch 079]  average training loss: 7531.4777
cellbender:remove-background: [epoch 080]  average training loss: 7519.0950
cellbender:remove-background: [epoch 080] average test loss: 7509.2699
cellbender:remove-background: [epoch 081]  average training loss: 7506.5978
cellbender:remove-background: [epoch 082]  average training loss: 7509.9707
cellbender:remove-background: [epoch 083]  average training loss: 7493.7812
cellbender:remove-background: [epoch 084]  average training loss: 7498.8039
cellbender:remove-background: [epoch 085]  average training loss: 7488.4426
cellbender:remove-background: [epoch 085] average test loss: 7502.5106
cellbender:remove-background: [epoch 086]  average training loss: 7486.5437
cellbender:remove-background: [epoch 087]  average training loss: 7473.8468
cellbender:remove-background: [epoch 088]  average training loss: 7467.4239
cellbender:remove-background: [epoch 089]  average training loss: 7471.1941
cellbender:remove-background: [epoch 090]  average training loss: 7464.6266
cellbender:remove-background: [epoch 090] average test loss: 7458.6705
cellbender:remove-background: [epoch 091]  average training loss: 7454.0872
cellbender:remove-background: [epoch 092]  average training loss: 7455.9425
cellbender:remove-background: [epoch 093]  average training loss: 7456.8022
cellbender:remove-background: [epoch 094]  average training loss: 7447.0388
cellbender:remove-background: [epoch 095]  average training loss: 7458.5851
cellbender:remove-background: [epoch 095] average test loss: 7448.5752
cellbender:remove-background: [epoch 096]  average training loss: 7442.3871
cellbender:remove-background: Saving a checkpoint...
cellbender:remove-background: Saved checkpoint as /data/ckpt.tar.gz
cellbender:remove-background: [epoch 097]  average training loss: 7431.9228
cellbender:remove-background: [epoch 098]  average training loss: 7431.9054
cellbender:remove-background: [epoch 099]  average training loss: 7424.5533
cellbender:remove-background: [epoch 100]  average training loss: 7424.1148
cellbender:remove-background: [epoch 100] average test loss: 7448.8448
cellbender:remove-background: [epoch 101]  average training loss: 7424.9819
cellbender:remove-background: [epoch 102]  average training loss: 7416.4653
cellbender:remove-background: [epoch 103]  average training loss: 7406.2999
cellbender:remove-background: [epoch 104]  average training loss: 7413.6901
cellbender:remove-background: [epoch 105]  average training loss: 7399.5812
cellbender:remove-background: [epoch 105] average test loss: 7409.5998
cellbender:remove-background: [epoch 106]  average training loss: 7394.6950
cellbender:remove-background: [epoch 107]  average training loss: 7390.9107
cellbender:remove-background: [epoch 108]  average training loss: 7391.7073
cellbender:remove-background: [epoch 109]  average training loss: 7390.5690
cellbender:remove-background: [epoch 110]  average training loss: 7382.0818
cellbender:remove-background: [epoch 110] average test loss: 7394.1859
cellbender:remove-background: [epoch 111]  average training loss: 7382.7322
cellbender:remove-background: [epoch 112]  average training loss: 7382.9940
cellbender:remove-background: [epoch 113]  average training loss: 7381.4712
cellbender:remove-background: [epoch 114]  average training loss: 7385.9457
cellbender:remove-background: [epoch 115]  average training loss: 7379.6623
cellbender:remove-background: [epoch 115] average test loss: 7390.0343
cellbender:remove-background: [epoch 116]  average training loss: 7373.3053
cellbender:remove-background: [epoch 117]  average training loss: 7372.2687
cellbender:remove-background: [epoch 118]  average training loss: 7360.2594
cellbender:remove-background: [epoch 119]  average training loss: 7365.6508
cellbender:remove-background: [epoch 120]  average training loss: 7361.0071
cellbender:remove-background: [epoch 120] average test loss: 7371.5966
cellbender:remove-background: [epoch 121]  average training loss: 7364.7470
cellbender:remove-background: [epoch 122]  average training loss: 7361.4742
cellbender:remove-background: [epoch 123]  average training loss: 7354.8563
cellbender:remove-background: [epoch 124]  average training loss: 7356.6575
cellbender:remove-background: [epoch 125]  average training loss: 7352.2486
cellbender:remove-background: [epoch 125] average test loss: 7402.6957
cellbender:remove-background: [epoch 126]  average training loss: 7352.3427
cellbender:remove-background: [epoch 127]  average training loss: 7340.4101
cellbender:remove-background: [epoch 128]  average training loss: 7343.8777
cellbender:remove-background: Saving a checkpoint...
cellbender:remove-background: Saved checkpoint as /data/ckpt.tar.gz
cellbender:remove-background: [epoch 129]  average training loss: 7342.2200
cellbender:remove-background: [epoch 130]  average training loss: 7340.7983
cellbender:remove-background: [epoch 130] average test loss: 7358.4615
cellbender:remove-background: [epoch 131]  average training loss: 7339.3362
cellbender:remove-background: [epoch 132]  average training loss: 7335.5328
cellbender:remove-background: [epoch 133]  average training loss: 7335.2575
cellbender:remove-background: [epoch 134]  average training loss: 7331.0005
cellbender:remove-background: [epoch 135]  average training loss: 7325.4013
cellbender:remove-background: [epoch 135] average test loss: 7365.2439
cellbender:remove-background: [epoch 136]  average training loss: 7331.7213
cellbender:remove-background: [epoch 137]  average training loss: 7326.0374
cellbender:remove-background: [epoch 138]  average training loss: 7323.7164
cellbender:remove-background: [epoch 139]  average training loss: 7326.3266
cellbender:remove-background: [epoch 140]  average training loss: 7326.1751
cellbender:remove-background: [epoch 140] average test loss: 7357.7199
cellbender:remove-background: [epoch 141]  average training loss: 7321.5451
cellbender:remove-background: [epoch 142]  average training loss: 7320.6146
cellbender:remove-background: [epoch 143]  average training loss: 7325.1136
cellbender:remove-background: [epoch 144]  average training loss: 7320.0610
cellbender:remove-background: [epoch 145]  average training loss: 7318.4771
cellbender:remove-background: [epoch 145] average test loss: 7329.6594
cellbender:remove-background: [epoch 146]  average training loss: 7319.3944
cellbender:remove-background: [epoch 147]  average training loss: 7316.1753
cellbender:remove-background: [epoch 148]  average training loss: 7321.5015
cellbender:remove-background: [epoch 149]  average training loss: 7314.3978
cellbender:remove-background: [epoch 150]  average training loss: 7316.0587
cellbender:remove-background: [epoch 150] average test loss: 7341.2347
cellbender:remove-background: [epoch 151]  average training loss: 7315.3464
cellbender:remove-background: [epoch 152]  average training loss: 7316.2627
cellbender:remove-background: [epoch 153]  average training loss: 7312.6530
cellbender:remove-background: [epoch 154]  average training loss: 7309.2523
cellbender:remove-background: [epoch 155]  average training loss: 7311.1371
cellbender:remove-background: [epoch 155] average test loss: 7340.3860
cellbender:remove-background: [epoch 156]  average training loss: 7310.4371
cellbender:remove-background: [epoch 157]  average training loss: 7306.2271
cellbender:remove-background: [epoch 158]  average training loss: 7300.9372
cellbender:remove-background: [epoch 159]  average training loss: 7307.0939
cellbender:remove-background: [epoch 160]  average training loss: 7307.8699
cellbender:remove-background: [epoch 160] average test loss: 7335.7647
cellbender:remove-background: Saving a checkpoint...
cellbender:remove-background: Saved checkpoint as /data/ckpt.tar.gz
cellbender:remove-background: [epoch 161]  average training loss: 7303.7947
cellbender:remove-background: [epoch 162]  average training loss: 7307.6488
cellbender:remove-background: [epoch 163]  average training loss: 7302.4333
cellbender:remove-background: [epoch 164]  average training loss: 7305.1818
cellbender:remove-background: [epoch 165]  average training loss: 7309.8480
cellbender:remove-background: [epoch 165] average test loss: 7338.1423
cellbender:remove-background: [epoch 166]  average training loss: 7303.1026
cellbender:remove-background: [epoch 167]  average training loss: 7303.1395
cellbender:remove-background: [epoch 168]  average training loss: 7300.1953
cellbender:remove-background: [epoch 169]  average training loss: 7300.6242
cellbender:remove-background: [epoch 170]  average training loss: 7298.3712
cellbender:remove-background: [epoch 170] average test loss: 7324.2815
cellbender:remove-background: [epoch 171]  average training loss: 7298.2326
cellbender:remove-background: [epoch 172]  average training loss: 7299.3963
cellbender:remove-background: [epoch 173]  average training loss: 7295.1506
cellbender:remove-background: [epoch 174]  average training loss: 7299.3860
cellbender:remove-background: [epoch 175]  average training loss: 7299.1996
cellbender:remove-background: [epoch 175] average test loss: 7332.3135
cellbender:remove-background: [epoch 176]  average training loss: 7300.0722
cellbender:remove-background: [epoch 177]  average training loss: 7296.6548
cellbender:remove-background: [epoch 178]  average training loss: 7298.9598
cellbender:remove-background: [epoch 179]  average training loss: 7296.4638
cellbender:remove-background: [epoch 180]  average training loss: 7295.3949
cellbender:remove-background: [epoch 180] average test loss: 7326.9524
cellbender:remove-background: [epoch 181]  average training loss: 7297.4054
cellbender:remove-background: [epoch 182]  average training loss: 7299.1444
cellbender:remove-background: [epoch 183]  average training loss: 7295.0480
cellbender:remove-background: [epoch 184]  average training loss: 7298.2608
cellbender:remove-background: [epoch 185]  average training loss: 7294.1079
cellbender:remove-background: [epoch 185] average test loss: 7320.1622
cellbender:remove-background: [epoch 186]  average training loss: 7296.2753
cellbender:remove-background: [epoch 187]  average training loss: 7296.9983
cellbender:remove-background: [epoch 188]  average training loss: 7296.5113
cellbender:remove-background: [epoch 189]  average training loss: 7294.9600
cellbender:remove-background: [epoch 190]  average training loss: 7296.6463
cellbender:remove-background: [epoch 190] average test loss: 7322.3191
cellbender:remove-background: [epoch 191]  average training loss: 7294.6274
cellbender:remove-background: [epoch 192]  average training loss: 7298.5274
cellbender:remove-background: Saving a checkpoint...
cellbender:remove-background: Saved checkpoint as /data/ckpt.tar.gz
cellbender:remove-background: [epoch 193]  average training loss: 7297.4739
cellbender:remove-background: [epoch 194]  average training loss: 7295.3614
cellbender:remove-background: [epoch 195]  average training loss: 7295.8289
cellbender:remove-background: [epoch 195] average test loss: 7321.7439
cellbender:remove-background: [epoch 196]  average training loss: 7296.1959
cellbender:remove-background: [epoch 197]  average training loss: 7295.4086
cellbender:remove-background: [epoch 198]  average training loss: 7295.3947
cellbender:remove-background: [epoch 199]  average training loss: 7294.7349
cellbender:remove-background: [epoch 200]  average training loss: 7293.0393
cellbender:remove-background: [epoch 200] average test loss: 7324.6790
cellbender:remove-background: Saving a checkpoint...
cellbender:remove-background: Saved checkpoint as /data/ckpt.tar.gz
cellbender:remove-background: 2024-10-05 14:53:30
cellbender:remove-background: Inference procedure complete.
cellbender:remove-background: Attempting to unpack tarball "ckpt.tar.gz" to /tmp/tmp6qvkvbp4
cellbender:remove-background: Successfully unpacked tarball to /tmp/tmp6qvkvbp4
/tmp/tmp6qvkvbp4/666eab7275_optim.pyro
/tmp/tmp6qvkvbp4/666eab7275_params.pyro
/tmp/tmp6qvkvbp4/666eab7275_train.loaderstate
/tmp/tmp6qvkvbp4/666eab7275_optim.torch
/tmp/tmp6qvkvbp4/666eab7275_random.pyro
/tmp/tmp6qvkvbp4/666eab7275_model.torch
/tmp/tmp6qvkvbp4/666eab7275_args.npy
/tmp/tmp6qvkvbp4/666eab7275_test.loaderstate
/tmp/tmp6qvkvbp4/666eab7275_random.cuda
cellbender:remove-background: Posterior not currently included in checkpoint.
cellbender:remove-background: Computing posterior noise count probabilities in mini-batches.
cellbender:remove-background: Working on chunk (1/260)
cellbender:remove-background:     [0.04 mins per chunk]
cellbender:remove-background: Working on chunk (2/260)
cellbender:remove-background: Working on chunk (3/260)
cellbender:remove-background: Working on chunk (4/260)
cellbender:remove-background: Working on chunk (5/260)
cellbender:remove-background: Working on chunk (6/260)
cellbender:remove-background: Working on chunk (7/260)
cellbender:remove-background: Working on chunk (8/260)
cellbender:remove-background: Working on chunk (9/260)
cellbender:remove-background: Working on chunk (10/260)
cellbender:remove-background: Working on chunk (11/260)
cellbender:remove-background: Working on chunk (12/260)
cellbender:remove-background: Working on chunk (13/260)
cellbender:remove-background: Working on chunk (14/260)
cellbender:remove-background: Working on chunk (15/260)
cellbender:remove-background: Working on chunk (16/260)
cellbender:remove-background: Working on chunk (17/260)
cellbender:remove-background: Working on chunk (18/260)
cellbender:remove-background: Working on chunk (19/260)
cellbender:remove-background: Working on chunk (20/260)
cellbender:remove-background: Working on chunk (21/260)
cellbender:remove-background: Working on chunk (22/260)
cellbender:remove-background: Working on chunk (23/260)
cellbender:remove-background: Working on chunk (24/260)
cellbender:remove-background: Working on chunk (25/260)
cellbender:remove-background: Working on chunk (26/260)
cellbender:remove-background: Working on chunk (27/260)
cellbender:remove-background: Working on chunk (28/260)
cellbender:remove-background: Working on chunk (29/260)
cellbender:remove-background: Working on chunk (30/260)
cellbender:remove-background: Working on chunk (31/260)
cellbender:remove-background: Working on chunk (32/260)
cellbender:remove-background: Working on chunk (33/260)
cellbender:remove-background: Working on chunk (34/260)
cellbender:remove-background: Working on chunk (35/260)
cellbender:remove-background: Working on chunk (36/260)
cellbender:remove-background: Working on chunk (37/260)
cellbender:remove-background: Working on chunk (38/260)
cellbender:remove-background: Working on chunk (39/260)
cellbender:remove-background: Working on chunk (40/260)
cellbender:remove-background: Working on chunk (41/260)
cellbender:remove-background: Working on chunk (42/260)
cellbender:remove-background: Working on chunk (43/260)
cellbender:remove-background: Working on chunk (44/260)
cellbender:remove-background: Working on chunk (45/260)
cellbender:remove-background: Working on chunk (46/260)
cellbender:remove-background: Working on chunk (47/260)
cellbender:remove-background: Working on chunk (48/260)
cellbender:remove-background: Working on chunk (49/260)
cellbender:remove-background: Working on chunk (50/260)
cellbender:remove-background: Working on chunk (51/260)
cellbender:remove-background: Working on chunk (52/260)
cellbender:remove-background: Working on chunk (53/260)
cellbender:remove-background: Working on chunk (54/260)
cellbender:remove-background: Working on chunk (55/260)
cellbender:remove-background: Working on chunk (56/260)
cellbender:remove-background: Working on chunk (57/260)
cellbender:remove-background: Working on chunk (58/260)
cellbender:remove-background: Working on chunk (59/260)
cellbender:remove-background: Working on chunk (60/260)
cellbender:remove-background: Working on chunk (61/260)
cellbender:remove-background: Working on chunk (62/260)
cellbender:remove-background: Working on chunk (63/260)
cellbender:remove-background: Working on chunk (64/260)
cellbender:remove-background: Working on chunk (65/260)
cellbender:remove-background: Working on chunk (66/260)
cellbender:remove-background: Working on chunk (67/260)
cellbender:remove-background: Working on chunk (68/260)
cellbender:remove-background: Working on chunk (69/260)
cellbender:remove-background: Working on chunk (70/260)
cellbender:remove-background: Working on chunk (71/260)
cellbender:remove-background: Working on chunk (72/260)
cellbender:remove-background: Working on chunk (73/260)
cellbender:remove-background: Working on chunk (74/260)
cellbender:remove-background: Working on chunk (75/260)
cellbender:remove-background: Working on chunk (76/260)
cellbender:remove-background: Working on chunk (77/260)
cellbender:remove-background: Working on chunk (78/260)
cellbender:remove-background: Working on chunk (79/260)
cellbender:remove-background: Working on chunk (80/260)
cellbender:remove-background: Working on chunk (81/260)
cellbender:remove-background: Working on chunk (82/260)
cellbender:remove-background: Working on chunk (83/260)
cellbender:remove-background: Working on chunk (84/260)
cellbender:remove-background: Working on chunk (85/260)
cellbender:remove-background: Working on chunk (86/260)
cellbender:remove-background: Working on chunk (87/260)
cellbender:remove-background: Working on chunk (88/260)
cellbender:remove-background: Working on chunk (89/260)
cellbender:remove-background: Working on chunk (90/260)
cellbender:remove-background: Working on chunk (91/260)
cellbender:remove-background: Working on chunk (92/260)
cellbender:remove-background: Working on chunk (93/260)
cellbender:remove-background: Working on chunk (94/260)
cellbender:remove-background: Working on chunk (95/260)
cellbender:remove-background: Working on chunk (96/260)
cellbender:remove-background: Working on chunk (97/260)
cellbender:remove-background: Working on chunk (98/260)
cellbender:remove-background: Working on chunk (99/260)
cellbender:remove-background: Working on chunk (100/260)
cellbender:remove-background: Working on chunk (101/260)
cellbender:remove-background: Working on chunk (102/260)
cellbender:remove-background: Working on chunk (103/260)
cellbender:remove-background: Working on chunk (104/260)
cellbender:remove-background: Working on chunk (105/260)
cellbender:remove-background: Working on chunk (106/260)
cellbender:remove-background: Working on chunk (107/260)
cellbender:remove-background: Working on chunk (108/260)
cellbender:remove-background: Working on chunk (109/260)
cellbender:remove-background: Working on chunk (110/260)
cellbender:remove-background: Working on chunk (111/260)
cellbender:remove-background: Working on chunk (112/260)
cellbender:remove-background: Working on chunk (113/260)
cellbender:remove-background: Working on chunk (114/260)
cellbender:remove-background: Working on chunk (115/260)
cellbender:remove-background: Working on chunk (116/260)
cellbender:remove-background: Working on chunk (117/260)
cellbender:remove-background: Working on chunk (118/260)
cellbender:remove-background: Working on chunk (119/260)
cellbender:remove-background: Working on chunk (120/260)
cellbender:remove-background: Working on chunk (121/260)
cellbender:remove-background: Working on chunk (122/260)
cellbender:remove-background: Working on chunk (123/260)
cellbender:remove-background: Working on chunk (124/260)
cellbender:remove-background: Working on chunk (125/260)
cellbender:remove-background: Working on chunk (126/260)
cellbender:remove-background: Working on chunk (127/260)
cellbender:remove-background: Working on chunk (128/260)
cellbender:remove-background: Working on chunk (129/260)
cellbender:remove-background: Working on chunk (130/260)
cellbender:remove-background: Working on chunk (131/260)
cellbender:remove-background: Working on chunk (132/260)
cellbender:remove-background: Working on chunk (133/260)
cellbender:remove-background: Working on chunk (134/260)
cellbender:remove-background: Working on chunk (135/260)
cellbender:remove-background: Working on chunk (136/260)
cellbender:remove-background: Working on chunk (137/260)
cellbender:remove-background: Working on chunk (138/260)
cellbender:remove-background: Working on chunk (139/260)
cellbender:remove-background: Working on chunk (140/260)
cellbender:remove-background: Working on chunk (141/260)
cellbender:remove-background: Working on chunk (142/260)
cellbender:remove-background: Working on chunk (143/260)
cellbender:remove-background: Working on chunk (144/260)
cellbender:remove-background: Working on chunk (145/260)
cellbender:remove-background: Working on chunk (146/260)
cellbender:remove-background: Working on chunk (147/260)
cellbender:remove-background: Working on chunk (148/260)
cellbender:remove-background: Working on chunk (149/260)
cellbender:remove-background: Working on chunk (150/260)
cellbender:remove-background: Working on chunk (151/260)
cellbender:remove-background: Working on chunk (152/260)
cellbender:remove-background: Working on chunk (153/260)
cellbender:remove-background: Working on chunk (154/260)
cellbender:remove-background: Working on chunk (155/260)
cellbender:remove-background: Working on chunk (156/260)
cellbender:remove-background: Working on chunk (157/260)
cellbender:remove-background: Working on chunk (158/260)
cellbender:remove-background: Working on chunk (159/260)
cellbender:remove-background: Working on chunk (160/260)
cellbender:remove-background: Working on chunk (161/260)
cellbender:remove-background: Working on chunk (162/260)
cellbender:remove-background: Working on chunk (163/260)
cellbender:remove-background: Working on chunk (164/260)
cellbender:remove-background: Working on chunk (165/260)
cellbender:remove-background: Working on chunk (166/260)
cellbender:remove-background: Working on chunk (167/260)
cellbender:remove-background: Working on chunk (168/260)
cellbender:remove-background: Working on chunk (169/260)
cellbender:remove-background: Working on chunk (170/260)
cellbender:remove-background: Working on chunk (171/260)
cellbender:remove-background: Working on chunk (172/260)
cellbender:remove-background: Working on chunk (173/260)
cellbender:remove-background: Working on chunk (174/260)
cellbender:remove-background: Working on chunk (175/260)
cellbender:remove-background: Working on chunk (176/260)
cellbender:remove-background: Working on chunk (177/260)
cellbender:remove-background: Working on chunk (178/260)
cellbender:remove-background: Working on chunk (179/260)
cellbender:remove-background: Working on chunk (180/260)
cellbender:remove-background: Working on chunk (181/260)
cellbender:remove-background: Working on chunk (182/260)
cellbender:remove-background: Working on chunk (183/260)
cellbender:remove-background: Working on chunk (184/260)
cellbender:remove-background: Working on chunk (185/260)
cellbender:remove-background: Working on chunk (186/260)
cellbender:remove-background: Working on chunk (187/260)
cellbender:remove-background: Working on chunk (188/260)
cellbender:remove-background: Working on chunk (189/260)
cellbender:remove-background: Working on chunk (190/260)
cellbender:remove-background: Working on chunk (191/260)
cellbender:remove-background: Working on chunk (192/260)
cellbender:remove-background: Working on chunk (193/260)
cellbender:remove-background: Working on chunk (194/260)
cellbender:remove-background: Working on chunk (195/260)
cellbender:remove-background: Working on chunk (196/260)
cellbender:remove-background: Working on chunk (197/260)
cellbender:remove-background: Working on chunk (198/260)
cellbender:remove-background: Working on chunk (199/260)
cellbender:remove-background: Working on chunk (200/260)
cellbender:remove-background: Working on chunk (201/260)
cellbender:remove-background: Working on chunk (202/260)
cellbender:remove-background: Working on chunk (203/260)
cellbender:remove-background: Working on chunk (204/260)
cellbender:remove-background: Working on chunk (205/260)
cellbender:remove-background: Working on chunk (206/260)
cellbender:remove-background: Working on chunk (207/260)
cellbender:remove-background: Working on chunk (208/260)
cellbender:remove-background: Working on chunk (209/260)
cellbender:remove-background: Working on chunk (210/260)
cellbender:remove-background: Working on chunk (211/260)
cellbender:remove-background: Working on chunk (212/260)
cellbender:remove-background: Working on chunk (213/260)
cellbender:remove-background: Working on chunk (214/260)
cellbender:remove-background: Working on chunk (215/260)
cellbender:remove-background: Working on chunk (216/260)
cellbender:remove-background: Working on chunk (217/260)
cellbender:remove-background: Working on chunk (218/260)
cellbender:remove-background: Working on chunk (219/260)
cellbender:remove-background: Working on chunk (220/260)
cellbender:remove-background: Working on chunk (221/260)
cellbender:remove-background: Working on chunk (222/260)
cellbender:remove-background: Working on chunk (223/260)
cellbender:remove-background: Working on chunk (224/260)
cellbender:remove-background: Working on chunk (225/260)
cellbender:remove-background: Working on chunk (226/260)
cellbender:remove-background: Working on chunk (227/260)
cellbender:remove-background: Working on chunk (228/260)
cellbender:remove-background: Working on chunk (229/260)
cellbender:remove-background: Working on chunk (230/260)
cellbender:remove-background: Working on chunk (231/260)
cellbender:remove-background: Working on chunk (232/260)
cellbender:remove-background: Working on chunk (233/260)
cellbender:remove-background: Working on chunk (234/260)
cellbender:remove-background: Working on chunk (235/260)
cellbender:remove-background: Working on chunk (236/260)
cellbender:remove-background: Working on chunk (237/260)
cellbender:remove-background: Working on chunk (238/260)
cellbender:remove-background: Working on chunk (239/260)
cellbender:remove-background: Working on chunk (240/260)
cellbender:remove-background: Working on chunk (241/260)
cellbender:remove-background: Working on chunk (242/260)
cellbender:remove-background: Working on chunk (243/260)
cellbender:remove-background: Working on chunk (244/260)
cellbender:remove-background: Working on chunk (245/260)
cellbender:remove-background: Working on chunk (246/260)
cellbender:remove-background: Working on chunk (247/260)
cellbender:remove-background: Working on chunk (248/260)
cellbender:remove-background: Working on chunk (249/260)
cellbender:remove-background: Working on chunk (250/260)
cellbender:remove-background: Working on chunk (251/260)
cellbender:remove-background: Working on chunk (252/260)
cellbender:remove-background: Working on chunk (253/260)
cellbender:remove-background: Working on chunk (254/260)
cellbender:remove-background: Working on chunk (255/260)
cellbender:remove-background: Working on chunk (256/260)
cellbender:remove-background: Working on chunk (257/260)
cellbender:remove-background: Working on chunk (258/260)
cellbender:remove-background: Working on chunk (259/260)
cellbender:remove-background: Working on chunk (260/260)
cellbender:remove-background: Writing full posterior to cellranger/tak-1/cellbender/cellbender_posterior.h5
cellbender:remove-background: Succeeded in writing posterior to file cellranger/tak-1/cellbender/cellbender_posterior.h5
cellbender:remove-background: Added posterior object to checkpoint file.
cellbender:remove-background: 2024-10-05 15:11:49

cellbender:remove-background: Saved summary plots as cellranger/tak-1/cellbender/cellbender.pdf
cellbender:remove-background: Saved cell barcodes in cellranger/tak-1/cellbender/cellbender_cell_barcodes.csv
cellbender:remove-background: Computing target noise counts per gene for MCKP estimator
cellbender:remove-background: Using MCKP noise targets computed for FPR 0.01
cellbender:remove-background: Computing denoised counts using mckp estimator
cellbender:remove-background: Working on chunk (1/6)
cellbender:remove-background:     [14.12 mins per chunk]
cellbender:remove-background: Working on chunk (2/6)
cellbender:remove-background: Working on chunk (3/6)
cellbender:remove-background: Working on chunk (4/6)
cellbender:remove-background: Working on chunk (5/6)
cellbender:remove-background: Working on chunk (6/6)
cellbender:remove-background: 2024-10-05 16:41:02 Total MCKP estimation time = 5099.95 sec
cellbender:remove-background: Succeeded in writing CellRanger format output to file cellranger/tak-1/cellbender/cellbender.h5
cellbender:remove-background: Succeeded in writing CellRanger format output to file cellranger/tak-1/cellbender/cellbender_filtered.h5
cellbender:remove-background: Saved output metrics as cellranger/tak-1/cellbender/cellbender_metrics.csv
cellbender:remove-background: Succeeded in writing report to cellranger/tak-1/cellbender/cellbender_report.html
cellbender:remove-background: Completed remove-background.
cellbender:remove-background: 2024-10-05 16:43:30

